#
# There is insufficient memory for the Java Runtime Environment to continue.
# Native memory allocation (malloc) failed to allocate 968816 bytes for Chunk::new
# Possible reasons:
#   The system is out of physical RAM or swap space
#   In 32 bit mode, the process size limit was hit
# Possible solutions:
#   Reduce memory load on the system
#   Increase physical memory or swap space
#   Check if swap backing store is full
#   Use 64 bit Java on a 64 bit OS
#   Decrease Java heap size (-Xmx/-Xms)
#   Decrease number of Java threads
#   Decrease Java thread stack sizes (-Xss)
#   Set larger code cache with -XX:ReservedCodeCacheSize=
# This output file may be truncated or incomplete.
#
#  Out of Memory Error (allocation.cpp:390), pid=16452, tid=17220
#
# JRE version: Java(TM) SE Runtime Environment (8.0_45-b15) (build 1.8.0_45-b15)
# Java VM: Java HotSpot(TM) 64-Bit Server VM (25.45-b02 mixed mode windows-amd64 compressed oops)
# Failed to write core dump. Minidumps are not enabled by default on client versions of Windows
#

---------------  T H R E A D  ---------------

Current thread (0x0000000015609000):  JavaThread "C2 CompilerThread1" daemon [_thread_in_native, id=17220, stack(0x0000000016c10000,0x0000000016d10000)]

Stack: [0x0000000016c10000,0x0000000016d10000]
[error occurred during error reporting (printing stack bounds), id 0xc0000005]

Native frames: (J=compiled Java code, j=interpreted, Vv=VM code, C=native code)
V  [jvm.dll+0x32b57a]
V  [jvm.dll+0x279873]
V  [jvm.dll+0x27a509]
V  [jvm.dll+0x2934e6]
V  [jvm.dll+0x297e0c]
V  [jvm.dll+0x5ca86f]
C  [msvcr100.dll+0x712e3]
V  [jvm.dll+0x5c9f6d]
C  [ntdll.dll+0x9633d]
C  [ntdll.dll+0x13c00]
C  [ntdll.dll+0x9544a]
V  [jvm.dll+0x21bcd1]


Current CompileTask:
C2:   7801 1960       4       com.android.dx.ssa.SCCP::simulateBranch (666 bytes)


---------------  P R O C E S S  ---------------

Java Threads: ( => current thread )
  0x0000000016e15000 JavaThread "Service Thread" daemon [_thread_blocked, id=22668, stack(0x0000000017210000,0x0000000017310000)]
  0x000000001560c000 JavaThread "C1 CompilerThread2" daemon [_thread_blocked, id=1152, stack(0x0000000016d10000,0x0000000016e10000)]
=>0x0000000015609000 JavaThread "C2 CompilerThread1" daemon [_thread_in_native, id=17220, stack(0x0000000016c10000,0x0000000016d10000)]
  0x00000000155ac000 JavaThread "C2 CompilerThread0" daemon [_thread_in_native, id=20164, stack(0x0000000016b10000,0x0000000016c10000)]
  0x00000000155aa800 JavaThread "Attach Listener" daemon [_thread_blocked, id=10612, stack(0x0000000016a10000,0x0000000016b10000)]
  0x00000000155a9000 JavaThread "Signal Dispatcher" daemon [_thread_blocked, id=1292, stack(0x0000000016910000,0x0000000016a10000)]
  0x0000000001a50800 JavaThread "Finalizer" daemon [_thread_blocked, id=15684, stack(0x0000000016810000,0x0000000016910000)]
  0x0000000001a4d000 JavaThread "Reference Handler" daemon [_thread_blocked, id=23036, stack(0x0000000016710000,0x0000000016810000)]
  0x0000000001960800 JavaThread "main" [_thread_in_Java, id=17332, stack(0x0000000001860000,0x0000000001960000)]

Other Threads:
  0x0000000015577800 VMThread [stack: 0x0000000016610000,0x0000000016710000] [id=15576]
  0x0000000016e17000 WatcherThread [stack: 0x0000000017310000,0x0000000017410000] [id=5116]

VM state:not at safepoint (normal execution)

VM Mutex/Monitor currently owned by a thread: None

Heap:
 PSYoungGen      total 78848K, used 68598K [0x00000000eab00000, 0x00000000f4500000, 0x0000000100000000)
  eden space 64512K, 84% used [0x00000000eab00000,0x00000000ee003a98,0x00000000eea00000)
  from space 14336K, 99% used [0x00000000f3700000,0x00000000f44f9d90,0x00000000f4500000)
  to   space 8704K, 0% used [0x00000000eea00000,0x00000000eea00000,0x00000000ef280000)
 ParOldGen       total 44032K, used 29576K [0x00000000c0000000, 0x00000000c2b00000, 0x00000000eab00000)
  object space 44032K, 67% used [0x00000000c0000000,0x00000000c1ce21b0,0x00000000c2b00000)
 Metaspace       used 6332K, capacity 7216K, committed 7296K, reserved 1056768K
  class space    used 586K, capacity 616K, committed 640K, reserved 1048576K

Card table byte_map: [0x0000000012400000,0x0000000012610000] byte_map_base: 0x0000000011e00000

Marking Bits: (ParMarkBitMap*) 0x00000000710c4040
 Begin Bits: [0x0000000012a10000, 0x0000000013a10000)
 End Bits:   [0x0000000013a10000, 0x0000000014a10000)

Polling page: 0x00000000013d0000

CodeCache: size=245760Kb used=8046Kb max_used=8046Kb free=237713Kb
 bounds [0x0000000003400000, 0x0000000003bf0000, 0x0000000012400000]
 total_blobs=2285 nmethods=2016 adapters=182
 compilation: enabled

Compilation events (10 events):
Event: 7.386 Thread 0x000000001560c000 1988       2       java.util.HashMap$ValueIterator::next (8 bytes)
Event: 7.387 Thread 0x000000001560c000 nmethod 1988 0x0000000003b9e3d0 code [0x0000000003b9e540, 0x0000000003b9e6c8]
Event: 7.387 Thread 0x000000001560c000 1989       2       java.util.HashMap::values (27 bytes)
Event: 7.387 Thread 0x000000001560c000 nmethod 1989 0x0000000003b9e010 code [0x0000000003b9e160, 0x0000000003b9e350]
Event: 7.387 Thread 0x000000001560c000 1990       2       java.util.HashMap$Values::<init> (10 bytes)
Event: 7.387 Thread 0x000000001560c000 nmethod 1990 0x0000000003b9dcd0 code [0x0000000003b9de20, 0x0000000003b9df90]
Event: 7.387 Thread 0x000000001560c000 1991       2       java.util.HashMap$Values::iterator (12 bytes)
Event: 7.388 Thread 0x000000001560c000 nmethod 1991 0x0000000003b9d8d0 code [0x0000000003b9da40, 0x0000000003b9dc28]
Event: 7.410 Thread 0x000000001560c000 1992       2       com.android.dx.cf.code.Ropper::labelToBlock (52 bytes)
Event: 7.412 Thread 0x000000001560c000 nmethod 1992 0x0000000003b9cc50 code [0x0000000003b9ce40, 0x0000000003b9d3d8]

GC Heap History (10 events):
Event: 4.460 GC heap before
{Heap before GC invocations=4 (full 0):
 PSYoungGen      total 18944K, used 18944K [0x00000000eab00000, 0x00000000ed000000, 0x0000000100000000)
  eden space 16384K, 100% used [0x00000000eab00000,0x00000000ebb00000,0x00000000ebb00000)
  from space 2560K, 100% used [0x00000000ebb00000,0x00000000ebd80000,0x00000000ebd80000)
  to   space 2560K, 0% used [0x00000000ecd80000,0x00000000ecd80000,0x00000000ed000000)
 ParOldGen       total 44032K, used 6500K [0x00000000c0000000, 0x00000000c2b00000, 0x00000000eab00000)
  object space 44032K, 14% used [0x00000000c0000000,0x00000000c06593e0,0x00000000c2b00000)
 Metaspace       used 6016K, capacity 7024K, committed 7296K, reserved 1056768K
  class space    used 579K, capacity 616K, committed 640K, reserved 1048576K
Event: 4.487 GC heap after
Heap after GC invocations=4 (full 0):
 PSYoungGen      total 35328K, used 2551K [0x00000000eab00000, 0x00000000ed000000, 0x0000000100000000)
  eden space 32768K, 0% used [0x00000000eab00000,0x00000000eab00000,0x00000000ecb00000)
  from space 2560K, 99% used [0x00000000ecd80000,0x00000000ecffdf18,0x00000000ed000000)
  to   space 2560K, 0% used [0x00000000ecb00000,0x00000000ecb00000,0x00000000ecd80000)
 ParOldGen       total 44032K, used 9304K [0x00000000c0000000, 0x00000000c2b00000, 0x00000000eab00000)
  object space 44032K, 21% used [0x00000000c0000000,0x00000000c0916340,0x00000000c2b00000)
 Metaspace       used 6016K, capacity 7024K, committed 7296K, reserved 1056768K
  class space    used 579K, capacity 616K, committed 640K, reserved 1048576K
}
Event: 4.992 GC heap before
{Heap before GC invocations=5 (full 0):
 PSYoungGen      total 35328K, used 35319K [0x00000000eab00000, 0x00000000ed000000, 0x0000000100000000)
  eden space 32768K, 100% used [0x00000000eab00000,0x00000000ecb00000,0x00000000ecb00000)
  from space 2560K, 99% used [0x00000000ecd80000,0x00000000ecffdf18,0x00000000ed000000)
  to   space 2560K, 0% used [0x00000000ecb00000,0x00000000ecb00000,0x00000000ecd80000)
 ParOldGen       total 44032K, used 9304K [0x00000000c0000000, 0x00000000c2b00000, 0x00000000eab00000)
  object space 44032K, 21% used [0x00000000c0000000,0x00000000c0916340,0x00000000c2b00000)
 Metaspace       used 6095K, capacity 7088K, committed 7296K, reserved 1056768K
  class space    used 579K, capacity 616K, committed 640K, reserved 1048576K
Event: 5.015 GC heap after
Heap after GC invocations=5 (full 0):
 PSYoungGen      total 35328K, used 2551K [0x00000000eab00000, 0x00000000efa00000, 0x0000000100000000)
  eden space 32768K, 0% used [0x00000000eab00000,0x00000000eab00000,0x00000000ecb00000)
  from space 2560K, 99% used [0x00000000ecb00000,0x00000000ecd7df18,0x00000000ecd80000)
  to   space 7680K, 0% used [0x00000000ef280000,0x00000000ef280000,0x00000000efa00000)
 ParOldGen       total 44032K, used 14313K [0x00000000c0000000, 0x00000000c2b00000, 0x00000000eab00000)
  object space 44032K, 32% used [0x00000000c0000000,0x00000000c0dfa798,0x00000000c2b00000)
 Metaspace       used 6095K, capacity 7088K, committed 7296K, reserved 1056768K
  class space    used 579K, capacity 616K, committed 640K, reserved 1048576K
}
Event: 5.386 GC heap before
{Heap before GC invocations=6 (full 0):
 PSYoungGen      total 35328K, used 35319K [0x00000000eab00000, 0x00000000efa00000, 0x0000000100000000)
  eden space 32768K, 100% used [0x00000000eab00000,0x00000000ecb00000,0x00000000ecb00000)
  from space 2560K, 99% used [0x00000000ecb00000,0x00000000ecd7df18,0x00000000ecd80000)
  to   space 7680K, 0% used [0x00000000ef280000,0x00000000ef280000,0x00000000efa00000)
 ParOldGen       total 44032K, used 14313K [0x00000000c0000000, 0x00000000c2b00000, 0x00000000eab00000)
  object space 44032K, 32% used [0x00000000c0000000,0x00000000c0dfa798,0x00000000c2b00000)
 Metaspace       used 6108K, capacity 7088K, committed 7296K, reserved 1056768K
  class space    used 579K, capacity 616K, committed 640K, reserved 1048576K
Event: 5.418 GC heap after
Heap after GC invocations=6 (full 0):
 PSYoungGen      total 72192K, used 7671K [0x00000000eab00000, 0x00000000efc00000, 0x0000000100000000)
  eden space 64512K, 0% used [0x00000000eab00000,0x00000000eab00000,0x00000000eea00000)
  from space 7680K, 99% used [0x00000000ef280000,0x00000000ef9fdf28,0x00000000efa00000)
  to   space 8704K, 0% used [0x00000000eea00000,0x00000000eea00000,0x00000000ef280000)
 ParOldGen       total 44032K, used 14407K [0x00000000c0000000, 0x00000000c2b00000, 0x00000000eab00000)
  object space 44032K, 32% used [0x00000000c0000000,0x00000000c0e11f00,0x00000000c2b00000)
 Metaspace       used 6108K, capacity 7088K, committed 7296K, reserved 1056768K
  class space    used 579K, capacity 616K, committed 640K, reserved 1048576K
}
Event: 6.447 GC heap before
{Heap before GC invocations=7 (full 0):
 PSYoungGen      total 72192K, used 72183K [0x00000000eab00000, 0x00000000efc00000, 0x0000000100000000)
  eden space 64512K, 100% used [0x00000000eab00000,0x00000000eea00000,0x00000000eea00000)
  from space 7680K, 99% used [0x00000000ef280000,0x00000000ef9fdf28,0x00000000efa00000)
  to   space 8704K, 0% used [0x00000000eea00000,0x00000000eea00000,0x00000000ef280000)
 ParOldGen       total 44032K, used 14407K [0x00000000c0000000, 0x00000000c2b00000, 0x00000000eab00000)
  object space 44032K, 32% used [0x00000000c0000000,0x00000000c0e11f00,0x00000000c2b00000)
 Metaspace       used 6202K, capacity 7152K, committed 7296K, reserved 1056768K
  class space    used 580K, capacity 616K, committed 640K, reserved 1048576K
Event: 6.518 GC heap after
Heap after GC invocations=7 (full 0):
 PSYoungGen      total 73216K, used 8699K [0x00000000eab00000, 0x00000000f4500000, 0x0000000100000000)
  eden space 64512K, 0% used [0x00000000eab00000,0x00000000eab00000,0x00000000eea00000)
  from space 8704K, 99% used [0x00000000eea00000,0x00000000ef27edc8,0x00000000ef280000)
  to   space 14336K, 0% used [0x00000000f3700000,0x00000000f3700000,0x00000000f4500000)
 ParOldGen       total 44032K, used 23929K [0x00000000c0000000, 0x00000000c2b00000, 0x00000000eab00000)
  object space 44032K, 54% used [0x00000000c0000000,0x00000000c175e4e8,0x00000000c2b00000)
 Metaspace       used 6202K, capacity 7152K, committed 7296K, reserved 1056768K
  class space    used 580K, capacity 616K, committed 640K, reserved 1048576K
}
Event: 7.287 GC heap before
{Heap before GC invocations=8 (full 0):
 PSYoungGen      total 73216K, used 73211K [0x00000000eab00000, 0x00000000f4500000, 0x0000000100000000)
  eden space 64512K, 100% used [0x00000000eab00000,0x00000000eea00000,0x00000000eea00000)
  from space 8704K, 99% used [0x00000000eea00000,0x00000000ef27edc8,0x00000000ef280000)
  to   space 14336K, 0% used [0x00000000f3700000,0x00000000f3700000,0x00000000f4500000)
 ParOldGen       total 44032K, used 23929K [0x00000000c0000000, 0x00000000c2b00000, 0x00000000eab00000)
  object space 44032K, 54% used [0x00000000c0000000,0x00000000c175e4e8,0x00000000c2b00000)
 Metaspace       used 6221K, capacity 7152K, committed 7296K, reserved 1056768K
  class space    used 580K, capacity 616K, committed 640K, reserved 1048576K
Event: 7.347 GC heap after
Heap after GC invocations=8 (full 0):
 PSYoungGen      total 78848K, used 14311K [0x00000000eab00000, 0x00000000f4500000, 0x0000000100000000)
  eden space 64512K, 0% used [0x00000000eab00000,0x00000000eab00000,0x00000000eea00000)
  from space 14336K, 99% used [0x00000000f3700000,0x00000000f44f9d90,0x00000000f4500000)
  to   space 8704K, 0% used [0x00000000eea00000,0x00000000eea00000,0x00000000ef280000)
 ParOldGen       total 44032K, used 29576K [0x00000000c0000000, 0x00000000c2b00000, 0x00000000eab00000)
  object space 44032K, 67% used [0x00000000c0000000,0x00000000c1ce21b0,0x00000000c2b00000)
 Metaspace       used 6221K, capacity 7152K, committed 7296K, reserved 1056768K
  class space    used 580K, capacity 616K, committed 640K, reserved 1048576K
}

Deoptimization events (10 events):
Event: 5.756 Thread 0x0000000017086000 Uncommon trap: reason=unstable_if action=reinterpret pc=0x0000000003a72bbc method=com.android.dx.ssa.SsaRenamer$BlockRenamer.process()V @ 59
Event: 5.757 Thread 0x0000000017086000 Uncommon trap: reason=unstable_if action=reinterpret pc=0x00000000037dd714 method=com.android.dx.ssa.NormalSsaInsn.getLocalAssignment()Lcom/android/dx/rop/code/RegisterSpec; @ 12
Event: 5.757 Thread 0x0000000017086000 Uncommon trap: reason=unstable_if action=reinterpret pc=0x00000000036e2cf0 method=com.android.dx.ssa.NormalSsaInsn.getLocalAssignment()Lcom/android/dx/rop/code/RegisterSpec; @ 12
Event: 5.757 Thread 0x0000000017086000 Uncommon trap: reason=unstable_if action=reinterpret pc=0x0000000003716970 method=com.android.dx.ssa.NormalSsaInsn.getLocalAssignment()Lcom/android/dx/rop/code/RegisterSpec; @ 12
Event: 5.761 Thread 0x0000000017086000 Uncommon trap: reason=unloaded action=reinterpret pc=0x00000000037e328c method=com.android.dx.ssa.SsaRenamer$BlockRenamer.visitMoveInsn(Lcom/android/dx/ssa/NormalSsaInsn;)V @ 208
Event: 5.947 Thread 0x0000000001960800 Uncommon trap: reason=unstable_if action=reinterpret pc=0x00000000038f5634 method=java.util.HashMap.putVal(ILjava/lang/Object;Ljava/lang/Object;ZZ)Ljava/lang/Object; @ 94
Event: 6.524 Thread 0x000000001709e000 Uncommon trap: reason=class_check action=maybe_recompile pc=0x0000000003a523b8 method=com.android.dx.ssa.SCCP.simulateBranch(Lcom/android/dx/ssa/SsaInsn;)V @ 145
Event: 6.890 Thread 0x0000000017086000 Uncommon trap: reason=class_check action=maybe_recompile pc=0x0000000003a523b8 method=com.android.dx.ssa.SCCP.simulateBranch(Lcom/android/dx/ssa/SsaInsn;)V @ 145
Event: 7.279 Thread 0x0000000001960800 Uncommon trap: reason=unstable_if action=reinterpret pc=0x00000000036746c4 method=java.util.HashMap.getNode(ILjava/lang/Object;)Ljava/util/HashMap$Node; @ 84
Event: 7.279 Thread 0x0000000001960800 Uncommon trap: reason=unstable_if action=reinterpret pc=0x0000000003676608 method=java.util.HashMap.getNode(ILjava/lang/Object;)Ljava/util/HashMap$Node; @ 84

Internal exceptions (3 events):
Event: 1.733 Thread 0x0000000001960800 Exception <a 'java/lang/NoSuchMethodError': Method sun.misc.Unsafe.defineClass(Ljava/lang/String;[BII)Ljava/lang/Class; name or signature does not match> (0x00000000eab0d390) thrown at [C:\re\workspace\8-2-build-windows-amd64-cygwin\jdk8u45\3627\hotspot\srFA»û?
Event: 1.733 Thread 0x0000000001960800 Exception <a 'java/lang/NoSuchMethodError': Method sun.misc.Unsafe.prefetchRead(Ljava/lang/Object;J)V name or signature does not match> (0x00000000eab0d620) thrown at [C:\re\workspace\8-2-build-windows-amd64-cygwin\jdk8u45\3627\hotspot\src\share\vm\prims\j€
Event: 3.436 Thread 0x0000000017086000 Implicit null exception at 0x000000000369f9e2 to 0x000000000369fad2

Events (10 events):
Event: 6.942 Thread 0x0000000001960800 DEOPT PACKING pc=0x0000000003a04368 sp=0x000000000195ec10
Event: 6.942 Thread 0x0000000001960800 DEOPT UNPACKING pc=0x000000000344747f sp=0x000000000195e8d8 mode 0
Event: 7.279 Thread 0x0000000001960800 Uncommon trap: trap_request=0xffffff65 fr.pc=0x00000000036746c4
Event: 7.279 Thread 0x0000000001960800 DEOPT PACKING pc=0x00000000036746c4 sp=0x000000000195db10
Event: 7.279 Thread 0x0000000001960800 DEOPT UNPACKING pc=0x000000000344582a sp=0x000000000195da20 mode 2
Event: 7.279 Thread 0x0000000001960800 Uncommon trap: trap_request=0xffffff65 fr.pc=0x0000000003676608
Event: 7.279 Thread 0x0000000001960800 DEOPT PACKING pc=0x0000000003676608 sp=0x000000000195da80
Event: 7.279 Thread 0x0000000001960800 DEOPT UNPACKING pc=0x000000000344582a sp=0x000000000195da10 mode 2
Event: 7.284 Executing VM operation: ParallelGCFailedAllocation
Event: 7.347 Executing VM operation: ParallelGCFailedAllocation done


Dynamic libraries:
0x00007ff756450000 - 0x00007ff756487000 	C:\Program Files\Java\jdk1.8.0_45\bin\java.exe
0x00007ffc86070000 - 0x00007ffc86231000 	C:\WINDOWS\SYSTEM32\ntdll.dll
0x00007ffc85640000 - 0x00007ffc856ed000 	C:\WINDOWS\system32\KERNEL32.DLL
0x00007ffc83560000 - 0x00007ffc8373d000 	C:\WINDOWS\system32\KERNELBASE.dll
0x00007ffc85760000 - 0x00007ffc85806000 	C:\WINDOWS\system32\ADVAPI32.dll
0x00007ffc85290000 - 0x00007ffc8532d000 	C:\WINDOWS\system32\msvcrt.dll
0x00007ffc85a90000 - 0x00007ffc85aeb000 	C:\WINDOWS\system32\sechost.dll
0x00007ffc85af0000 - 0x00007ffc85c16000 	C:\WINDOWS\system32\RPCRT4.dll
0x00007ffc85490000 - 0x00007ffc855de000 	C:\WINDOWS\system32\USER32.dll
0x00007ffc85ee0000 - 0x00007ffc86066000 	C:\WINDOWS\system32\GDI32.dll
0x00007ffc77750000 - 0x00007ffc779c4000 	C:\WINDOWS\WinSxS\amd64_microsoft.windows.common-controls_6595b64144ccf1df_6.0.10240.16384_none_f41f7b285750ef43\COMCTL32.dll
0x00007ffc858a0000 - 0x00007ffc858d6000 	C:\WINDOWS\system32\IMM32.DLL
0x00007ffc85330000 - 0x00007ffc8548c000 	C:\WINDOWS\system32\MSCTF.dll
0x0000000071b00000 - 0x0000000071bd2000 	C:\Program Files\Java\jdk1.8.0_45\jre\bin\msvcr100.dll
0x00000000708c0000 - 0x0000000071143000 	C:\Program Files\Java\jdk1.8.0_45\jre\bin\server\jvm.dll
0x00007ffc83a90000 - 0x00007ffc83a98000 	C:\WINDOWS\system32\PSAPI.DLL
0x00007ffc7f680000 - 0x00007ffc7f689000 	C:\WINDOWS\SYSTEM32\WSOCK32.dll
0x00007ffc85830000 - 0x00007ffc85899000 	C:\WINDOWS\system32\WS2_32.dll
0x00007ffc85df0000 - 0x00007ffc85df8000 	C:\WINDOWS\system32\NSI.dll
0x00007ffc81120000 - 0x00007ffc81143000 	C:\WINDOWS\SYSTEM32\WINMM.dll
0x00007ffc767a0000 - 0x00007ffc767aa000 	C:\WINDOWS\SYSTEM32\VERSION.dll
0x00007ffc810c0000 - 0x00007ffc810ec000 	C:\WINDOWS\SYSTEM32\WINMMBASE.dll
0x00007ffc82dc0000 - 0x00007ffc82e04000 	C:\WINDOWS\system32\cfgmgr32.dll
0x00007ffc81370000 - 0x00007ffc81397000 	C:\WINDOWS\SYSTEM32\DEVOBJ.dll
0x0000000071af0000 - 0x0000000071aff000 	C:\Program Files\Java\jdk1.8.0_45\jre\bin\verify.dll
0x0000000071ac0000 - 0x0000000071ae9000 	C:\Program Files\Java\jdk1.8.0_45\jre\bin\java.dll
0x0000000071aa0000 - 0x0000000071ab6000 	C:\Program Files\Java\jdk1.8.0_45\jre\bin\zip.dll
0x00007ffc83d00000 - 0x00007ffc85222000 	C:\WINDOWS\system32\SHELL32.dll
0x00007ffc82ed0000 - 0x00007ffc834f8000 	C:\WINDOWS\system32\windows.storage.dll
0x00007ffc83800000 - 0x00007ffc83a7c000 	C:\WINDOWS\system32\combase.dll
0x00007ffc83ca0000 - 0x00007ffc83cf1000 	C:\WINDOWS\system32\shlwapi.dll
0x00007ffc82b30000 - 0x00007ffc82b3f000 	C:\WINDOWS\system32\kernel.appcore.dll
0x00007ffc82e10000 - 0x00007ffc82ec3000 	C:\WINDOWS\system32\shcore.dll
0x00007ffc82ac0000 - 0x00007ffc82b0a000 	C:\WINDOWS\system32\powrprof.dll
0x00007ffc82aa0000 - 0x00007ffc82ab3000 	C:\WINDOWS\system32\profapi.dll
0x00007ffc723a0000 - 0x00007ffc7252a000 	C:\WINDOWS\SYSTEM32\dbghelp.dll

VM Arguments:
jvm_args: -Xmx1024M -Dfile.encoding=windows-1252 -Duser.country=ES -Duser.language=es -Duser.variant 
java_command: com.android.dx.command.Main --dex --num-threads=4 --output F:\AndroidStudioProjects\Fragment-master\app\build\intermediates\pre-dexed\debug\classes-2a28f2df057e6e1bd0732ecd74b65580caa42632.jar F:\AndroidStudioProjects\Fragment-master\app\build\intermediates\exploded-aar\com.google.android.gms\play-services-basement\8.3.0\jars\classes.jar
java_class_path (initial): C:\Users\Sergio\AppData\Local\Android\Sdk\build-tools\23.0.1\lib\dx.jar
Launcher Type: SUN_STANDARD

Environment Variables:
CLASSPATH=.;C:\Program Files (x86)\QuickTime\QTSystem\QTJava.zip
PATH=C:\ProgramData\Oracle\Java\javapath;C:\Program Files (x86)\Intel\TXE Components\TCS\;C:\Program Files\Intel\TXE Components\TCS\;C:\WINDOWS\system32;C:\WINDOWS;C:\WINDOWS\System32\Wbem;C:\WINDOWS\System32\WindowsPowerShell\v1.0\;C:\Program Files (x86)\Windows Live\Shared;C:\Program Files\Intel\TXE Components\DAL\;C:\Program Files (x86)\Intel\TXE Components\DAL\;C:\Program Files\Intel\TXE Components\IPT\;C:\Program Files (x86)\Intel\TXE Components\IPT\;C:\Program Files\Intel\WiFi\bin\;C:\Program Files\Common Files\Intel\WirelessCommon\;C:\Program Files (x86)\QuickTime\QTSystem\;C:\Program Files (x86)\Skype\Phone\
USERNAME=Sergio
OS=Windows_NT
PROCESSOR_IDENTIFIER=Intel64 Family 6 Model 55 Stepping 8, GenuineIntel



---------------  S Y S T E M  ---------------

OS: Windows 10.0 , 64 bit Build 10240 (10.0.10240.16384)

CPU:total 4 (4 cores per cpu, 1 threads per core) family 6 model 55 stepping 8, cmov, cx8, fxsr, mmx, sse, sse2, sse3, ssse3, sse4.1, sse4.2, popcnt, clmul, erms, 3dnowpref, tsc, tscinvbit

Memory: 4k page, physical 4081120k(473284k free), swap 7223868k(53668k free)

vm_info: Java HotSpot(TM) 64-Bit Server VM (25.45-b02) for windows-amd64 JRE (1.8.0_45-b15), built on Apr 30 2015 12:40:44 by "java_re" with MS VC++ 10.0 (VS2010)

time: Thu Nov 26 12:01:05 2015
elapsed time: 7 seconds (0d 0h 0m 7s)

