#
# There is insufficient memory for the Java Runtime Environment to continue.
# Native memory allocation (malloc) failed to allocate 297296 bytes for Chunk::new
# Possible reasons:
#   The system is out of physical RAM or swap space
#   In 32 bit mode, the process size limit was hit
# Possible solutions:
#   Reduce memory load on the system
#   Increase physical memory or swap space
#   Check if swap backing store is full
#   Use 64 bit Java on a 64 bit OS
#   Decrease Java heap size (-Xmx/-Xms)
#   Decrease number of Java threads
#   Decrease Java thread stack sizes (-Xss)
#   Set larger code cache with -XX:ReservedCodeCacheSize=
# This output file may be truncated or incomplete.
#
#  Out of Memory Error (allocation.cpp:390), pid=17724, tid=19384
#
# JRE version: Java(TM) SE Runtime Environment (8.0_45-b15) (build 1.8.0_45-b15)
# Java VM: Java HotSpot(TM) 64-Bit Server VM (25.45-b02 mixed mode windows-amd64 compressed oops)
# Failed to write core dump. Minidumps are not enabled by default on client versions of Windows
#

---------------  T H R E A D  ---------------

Current thread (0x0000000014f9c000):  JavaThread "C2 CompilerThread0" daemon [_thread_in_native, id=19384, stack(0x0000000016520000,0x0000000016620000)]

Stack: [0x0000000016520000,0x0000000016620000]
[error occurred during error reporting (printing stack bounds), id 0xc0000005]

Native frames: (J=compiled Java code, j=interpreted, Vv=VM code, C=native code)
V  [jvm.dll+0x32b57a]
V  [jvm.dll+0x279873]
V  [jvm.dll+0x27a509]
V  [jvm.dll+0x2934e6]
V  [jvm.dll+0x297e0c]
V  [jvm.dll+0x5ca86f]
C  [msvcr100.dll+0x712e3]
V  [jvm.dll+0x5c9f6d]
C  [ntdll.dll+0x9633d]
C  [ntdll.dll+0x13c00]
C  [ntdll.dll+0x9544a]
V  [jvm.dll+0x21bcd1]


Current CompileTask:
C2:   3227  792       4       com.android.dx.ssa.back.LivenessAnalyzer::handleTailRecursion (94 bytes)


---------------  P R O C E S S  ---------------

Java Threads: ( => current thread )
  0x0000000016a5d800 JavaThread "pool-1-thread-4" [_thread_blocked, id=12936, stack(0x0000000017220000,0x0000000017320000)]
  0x0000000016a3c800 JavaThread "pool-1-thread-3" [_thread_blocked, id=4104, stack(0x0000000017120000,0x0000000017220000)]
  0x00000000169bc000 JavaThread "pool-1-thread-2" [_thread_blocked, id=12800, stack(0x0000000017020000,0x0000000017120000)]
  0x00000000169b8000 JavaThread "pool-2-thread-1" [_thread_blocked, id=17276, stack(0x0000000016f20000,0x0000000017020000)]
  0x00000000169b7800 JavaThread "pool-1-thread-1" [_thread_blocked, id=11632, stack(0x0000000016e20000,0x0000000016f20000)]
  0x0000000016850800 JavaThread "Service Thread" daemon [_thread_blocked, id=19972, stack(0x0000000016c20000,0x0000000016d20000)]
  0x0000000014fae800 JavaThread "C1 CompilerThread2" daemon [_thread_blocked, id=23464, stack(0x0000000016720000,0x0000000016820000)]
  0x0000000014fa0000 JavaThread "C2 CompilerThread1" daemon [_thread_blocked, id=11504, stack(0x0000000016620000,0x0000000016720000)]
=>0x0000000014f9c000 JavaThread "C2 CompilerThread0" daemon [_thread_in_native, id=19384, stack(0x0000000016520000,0x0000000016620000)]
  0x0000000014f9a800 JavaThread "Attach Listener" daemon [_thread_blocked, id=6104, stack(0x0000000016420000,0x0000000016520000)]
  0x0000000014f99800 JavaThread "Signal Dispatcher" daemon [_thread_blocked, id=10940, stack(0x0000000016320000,0x0000000016420000)]
  0x0000000001406000 JavaThread "Finalizer" daemon [_thread_blocked, id=20576, stack(0x0000000016220000,0x0000000016320000)]
  0x00000000013fd000 JavaThread "Reference Handler" daemon [_thread_blocked, id=14308, stack(0x0000000016120000,0x0000000016220000)]
  0x0000000001310800 JavaThread "main" [_thread_blocked, id=6896, stack(0x0000000001150000,0x0000000001250000)]

Other Threads:
  0x0000000014f67800 VMThread [stack: 0x0000000016020000,0x0000000016120000] [id=10956]
  0x0000000014ffe000 WatcherThread [stack: 0x0000000016d20000,0x0000000016e20000] [id=5508]

VM state:at safepoint (normal execution)

VM Mutex/Monitor currently owned by a thread:  ([mutex/lock_event])
[0x000000000130be30] Threads_lock - owner thread: 0x0000000014f67800
[0x000000000130c5b0] Heap_lock - owner thread: 0x00000000169bc000

Heap:
 PSYoungGen      total 18944K, used 18922K [0x00000000eab00000, 0x00000000ec000000, 0x0000000100000000)
  eden space 16384K, 100% used [0x00000000eab00000,0x00000000ebb00000,0x00000000ebb00000)
  from space 2560K, 99% used [0x00000000ebb00000,0x00000000ebd7aa90,0x00000000ebd80000)
  to   space 2560K, 99% used [0x00000000ebd80000,0x00000000ebffc020,0x00000000ec000000)
 ParOldGen       total 44032K, used 3888K [0x00000000c0000000, 0x00000000c2b00000, 0x00000000eab00000)
  object space 44032K, 8% used [0x00000000c0000000,0x00000000c03cc098,0x00000000c2b00000)
 Metaspace       used 5792K, capacity 6896K, committed 7040K, reserved 1056768K
  class space    used 577K, capacity 616K, committed 640K, reserved 1048576K

Card table byte_map: [0x00000000017d0000,0x00000000019e0000] byte_map_base: 0x00000000011d0000

Marking Bits: (ParMarkBitMap*) 0x00000000710c4040
 Begin Bits: [0x0000000012400000, 0x0000000013400000)
 End Bits:   [0x0000000013400000, 0x0000000014400000)

Polling page: 0x0000000000c10000

CodeCache: size=245760Kb used=4897Kb max_used=4901Kb free=240862Kb
 bounds [0x0000000003400000, 0x00000000038d0000, 0x0000000012400000]
 total_blobs=1481 nmethods=1213 adapters=182
 compilation: enabled

Compilation events (10 events):
Event: 2.509 Thread 0x0000000014fae800 nmethod 813 0x00000000037133d0 code [0x0000000003713640, 0x0000000003714588]
Event: 2.509 Thread 0x0000000014fae800  764       3       com.android.dx.ssa.SsaBasicBlock::addDomChild (10 bytes)
Event: 2.510 Thread 0x0000000014fae800 nmethod 764 0x0000000003714f10 code [0x00000000037150c0, 0x0000000003715648]
Event: 2.511 Thread 0x0000000014fae800  771       3       com.android.dx.ssa.SetFactory::makeDomFrontSet (26 bytes)
Event: 2.511 Thread 0x0000000014fae800 nmethod 771 0x000000000370b690 code [0x000000000370b820, 0x000000000370bc28]
Event: 2.511 Thread 0x0000000014fae800  768       3       com.android.dx.ssa.SsaRenamer$BlockRenamer$RenamingMapper::<init> (10 bytes)
Event: 2.512 Thread 0x0000000014fae800 nmethod 768 0x0000000003706650 code [0x00000000037067c0, 0x00000000037069f0]
Event: 2.512 Thread 0x0000000014fae800  790       3       com.android.dx.rop.code.RegisterSpec::getBasicType (10 bytes)
Event: 2.512 Thread 0x0000000014fae800 nmethod 790 0x0000000003715950 code [0x0000000003715ac0, 0x0000000003715ce8]
Event: 2.512 Thread 0x0000000014fae800  802       3       com.android.dx.cf.code.ExecutionStack::pop (54 bytes)

GC Heap History (0 events):
No events

Deoptimization events (3 events):
Event: 2.439 Thread 0x0000000016a5d800 Uncommon trap: reason=unstable_if action=reinterpret pc=0x0000000003601714 method=java.util.HashMap.getNode(ILjava/lang/Object;)Ljava/util/HashMap$Node; @ 129
Event: 2.471 Thread 0x0000000001310800 Uncommon trap: reason=unstable_if action=reinterpret pc=0x00000000036f11b8 method=java.util.HashMap.getNode(ILjava/lang/Object;)Ljava/util/HashMap$Node; @ 129
Event: 2.471 Thread 0x0000000001310800 Uncommon trap: reason=unstable_if action=reinterpret pc=0x0000000003676aa8 method=java.util.HashMap.getNode(ILjava/lang/Object;)Ljava/util/HashMap$Node; @ 129

Internal exceptions (2 events):
Event: 0.557 Thread 0x0000000001310800 Exception <a 'java/lang/NoSuchMethodError': Method sun.misc.Unsafe.defineClass(Ljava/lang/String;[BII)Ljava/lang/Class; name or signature does not match> (0x00000000eab0d398) thrown at [C:\re\workspace\8-2-build-windows-amd64-cygwin\jdk8u45\3627\hotspot\srÏ¥éÛ…÷·?
Event: 0.557 Thread 0x0000000001310800 Exception <a 'java/lang/NoSuchMethodError': Method sun.misc.Unsafe.prefetchRead(Ljava/lang/Object;J)V name or signature does not match> (0x00000000eab0d628) thrown at [C:\re\workspace\8-2-build-windows-amd64-cygwin\jdk8u45\3627\hotspot\src\share\vm\prims\j

Events (10 events):
Event: 2.443 Executing VM operation: ForceSafepoint
Event: 2.445 Executing VM operation: ForceSafepoint done
Event: 2.451 loading class com/android/dx/cf/attrib/AttSignature
Event: 2.451 loading class com/android/dx/cf/attrib/AttSignature done
Event: 2.471 Thread 0x0000000001310800 Uncommon trap: trap_request=0xffffff65 fr.pc=0x00000000036f11b8
Event: 2.471 Thread 0x0000000001310800 DEOPT PACKING pc=0x00000000036f11b8 sp=0x000000000124e190
Event: 2.471 Thread 0x0000000001310800 DEOPT UNPACKING pc=0x000000000344582a sp=0x000000000124e060 mode 2
Event: 2.471 Thread 0x0000000001310800 Uncommon trap: trap_request=0xffffff65 fr.pc=0x0000000003676aa8
Event: 2.471 Thread 0x0000000001310800 DEOPT PACKING pc=0x0000000003676aa8 sp=0x000000000124dfa0
Event: 2.471 Thread 0x0000000001310800 DEOPT UNPACKING pc=0x000000000344582a sp=0x000000000124dec0 mode 2


Dynamic libraries:
0x00007ff756450000 - 0x00007ff756487000 	C:\Program Files\Java\jdk1.8.0_45\bin\java.exe
0x00007ffc86070000 - 0x00007ffc86231000 	C:\WINDOWS\SYSTEM32\ntdll.dll
0x00007ffc85640000 - 0x00007ffc856ed000 	C:\WINDOWS\system32\KERNEL32.DLL
0x00007ffc83560000 - 0x00007ffc8373d000 	C:\WINDOWS\system32\KERNELBASE.dll
0x00007ffc85760000 - 0x00007ffc85806000 	C:\WINDOWS\system32\ADVAPI32.dll
0x00007ffc85290000 - 0x00007ffc8532d000 	C:\WINDOWS\system32\msvcrt.dll
0x00007ffc85a90000 - 0x00007ffc85aeb000 	C:\WINDOWS\system32\sechost.dll
0x00007ffc85af0000 - 0x00007ffc85c16000 	C:\WINDOWS\system32\RPCRT4.dll
0x00007ffc85490000 - 0x00007ffc855de000 	C:\WINDOWS\system32\USER32.dll
0x00007ffc85ee0000 - 0x00007ffc86066000 	C:\WINDOWS\system32\GDI32.dll
0x00007ffc77750000 - 0x00007ffc779c4000 	C:\WINDOWS\WinSxS\amd64_microsoft.windows.common-controls_6595b64144ccf1df_6.0.10240.16384_none_f41f7b285750ef43\COMCTL32.dll
0x00007ffc858a0000 - 0x00007ffc858d6000 	C:\WINDOWS\system32\IMM32.DLL
0x00007ffc85330000 - 0x00007ffc8548c000 	C:\WINDOWS\system32\MSCTF.dll
0x0000000071b00000 - 0x0000000071bd2000 	C:\Program Files\Java\jdk1.8.0_45\jre\bin\msvcr100.dll
0x00000000708c0000 - 0x0000000071143000 	C:\Program Files\Java\jdk1.8.0_45\jre\bin\server\jvm.dll
0x00007ffc83a90000 - 0x00007ffc83a98000 	C:\WINDOWS\system32\PSAPI.DLL
0x00007ffc81120000 - 0x00007ffc81143000 	C:\WINDOWS\SYSTEM32\WINMM.dll
0x00007ffc767a0000 - 0x00007ffc767aa000 	C:\WINDOWS\SYSTEM32\VERSION.dll
0x00007ffc7f680000 - 0x00007ffc7f689000 	C:\WINDOWS\SYSTEM32\WSOCK32.dll
0x00007ffc810c0000 - 0x00007ffc810ec000 	C:\WINDOWS\SYSTEM32\WINMMBASE.dll
0x00007ffc85830000 - 0x00007ffc85899000 	C:\WINDOWS\system32\WS2_32.dll
0x00007ffc82dc0000 - 0x00007ffc82e04000 	C:\WINDOWS\system32\cfgmgr32.dll
0x00007ffc81370000 - 0x00007ffc81397000 	C:\WINDOWS\SYSTEM32\DEVOBJ.dll
0x00007ffc85df0000 - 0x00007ffc85df8000 	C:\WINDOWS\system32\NSI.dll
0x0000000071af0000 - 0x0000000071aff000 	C:\Program Files\Java\jdk1.8.0_45\jre\bin\verify.dll
0x0000000071ac0000 - 0x0000000071ae9000 	C:\Program Files\Java\jdk1.8.0_45\jre\bin\java.dll
0x0000000071aa0000 - 0x0000000071ab6000 	C:\Program Files\Java\jdk1.8.0_45\jre\bin\zip.dll
0x00007ffc83d00000 - 0x00007ffc85222000 	C:\WINDOWS\system32\SHELL32.dll
0x00007ffc82ed0000 - 0x00007ffc834f8000 	C:\WINDOWS\system32\windows.storage.dll
0x00007ffc83800000 - 0x00007ffc83a7c000 	C:\WINDOWS\system32\combase.dll
0x00007ffc83ca0000 - 0x00007ffc83cf1000 	C:\WINDOWS\system32\shlwapi.dll
0x00007ffc82b30000 - 0x00007ffc82b3f000 	C:\WINDOWS\system32\kernel.appcore.dll
0x00007ffc82e10000 - 0x00007ffc82ec3000 	C:\WINDOWS\system32\shcore.dll
0x00007ffc82ac0000 - 0x00007ffc82b0a000 	C:\WINDOWS\system32\powrprof.dll
0x00007ffc82aa0000 - 0x00007ffc82ab3000 	C:\WINDOWS\system32\profapi.dll
0x00007ffc723a0000 - 0x00007ffc7252a000 	C:\WINDOWS\SYSTEM32\dbghelp.dll

VM Arguments:
jvm_args: -Xmx1024M -Dfile.encoding=windows-1252 -Duser.country=ES -Duser.language=es -Duser.variant 
java_command: com.android.dx.command.Main --dex --num-threads=4 --output F:\AndroidStudioProjects\Fragment-master\app\build\intermediates\pre-dexed\debug\classes-5d4d0868adc39fda77e244018347c7928694488b.jar F:\AndroidStudioProjects\Fragment-master\app\build\intermediates\exploded-aar\com.google.android.gms\play-services-measurement\8.3.0\jars\classes.jar
java_class_path (initial): C:\Users\Sergio\AppData\Local\Android\Sdk\build-tools\23.0.1\lib\dx.jar
Launcher Type: SUN_STANDARD

Environment Variables:
CLASSPATH=.;C:\Program Files (x86)\QuickTime\QTSystem\QTJava.zip
PATH=C:\ProgramData\Oracle\Java\javapath;C:\Program Files (x86)\Intel\TXE Components\TCS\;C:\Program Files\Intel\TXE Components\TCS\;C:\WINDOWS\system32;C:\WINDOWS;C:\WINDOWS\System32\Wbem;C:\WINDOWS\System32\WindowsPowerShell\v1.0\;C:\Program Files (x86)\Windows Live\Shared;C:\Program Files\Intel\TXE Components\DAL\;C:\Program Files (x86)\Intel\TXE Components\DAL\;C:\Program Files\Intel\TXE Components\IPT\;C:\Program Files (x86)\Intel\TXE Components\IPT\;C:\Program Files\Intel\WiFi\bin\;C:\Program Files\Common Files\Intel\WirelessCommon\;C:\Program Files (x86)\QuickTime\QTSystem\;C:\Program Files (x86)\Skype\Phone\
USERNAME=Sergio
OS=Windows_NT
PROCESSOR_IDENTIFIER=Intel64 Family 6 Model 55 Stepping 8, GenuineIntel



---------------  S Y S T E M  ---------------

OS: Windows 10.0 , 64 bit Build 10240 (10.0.10240.16384)

CPU:total 4 (4 cores per cpu, 1 threads per core) family 6 model 55 stepping 8, cmov, cx8, fxsr, mmx, sse, sse2, sse3, ssse3, sse4.1, sse4.2, popcnt, clmul, erms, 3dnowpref, tsc, tscinvbit

Memory: 4k page, physical 4081120k(239932k free), swap 7223868k(5720k free)

vm_info: Java HotSpot(TM) 64-Bit Server VM (25.45-b02) for windows-amd64 JRE (1.8.0_45-b15), built on Apr 30 2015 12:40:44 by "java_re" with MS VC++ 10.0 (VS2010)

time: Thu Nov 26 12:04:35 2015
elapsed time: 3 seconds (0d 0h 0m 3s)

