#
# There is insufficient memory for the Java Runtime Environment to continue.
# Native memory allocation (malloc) failed to allocate 1294736 bytes for Chunk::new
# Possible reasons:
#   The system is out of physical RAM or swap space
#   In 32 bit mode, the process size limit was hit
# Possible solutions:
#   Reduce memory load on the system
#   Increase physical memory or swap space
#   Check if swap backing store is full
#   Use 64 bit Java on a 64 bit OS
#   Decrease Java heap size (-Xmx/-Xms)
#   Decrease number of Java threads
#   Decrease Java thread stack sizes (-Xss)
#   Set larger code cache with -XX:ReservedCodeCacheSize=
# This output file may be truncated or incomplete.
#
#  Out of Memory Error (allocation.cpp:390), pid=21092, tid=9972
#
# JRE version: Java(TM) SE Runtime Environment (8.0_45-b15) (build 1.8.0_45-b15)
# Java VM: Java HotSpot(TM) 64-Bit Server VM (25.45-b02 mixed mode windows-amd64 compressed oops)
# Failed to write core dump. Minidumps are not enabled by default on client versions of Windows
#

---------------  T H R E A D  ---------------

Current thread (0x0000000014f9c000):  JavaThread "C2 CompilerThread0" daemon [_thread_in_native, id=9972, stack(0x00000000163f0000,0x00000000164f0000)]

Stack: [0x00000000163f0000,0x00000000164f0000]
[error occurred during error reporting (printing stack bounds), id 0xc0000005]

Native frames: (J=compiled Java code, j=interpreted, Vv=VM code, C=native code)
V  [jvm.dll+0x32b57a]
V  [jvm.dll+0x279873]
V  [jvm.dll+0x27a509]
V  [jvm.dll+0x2934e6]
V  [jvm.dll+0x297e0c]
V  [jvm.dll+0x5ca86f]
C  [msvcr100.dll+0x712e3]
V  [jvm.dll+0x5c9f6d]
C  [ntdll.dll+0x9633d]
C  [ntdll.dll+0x13c00]
C  [ntdll.dll+0x9544a]
V  [jvm.dll+0x21bcd1]


Current CompileTask:
C2:   8842 1768       4       com.android.dx.ssa.SsaRenamer$1::visitBlock (16 bytes)


---------------  P R O C E S S  ---------------

Java Threads: ( => current thread )
  0x00000000011b0800 JavaThread "DestroyJavaVM" [_thread_blocked, id=23328, stack(0x00000000010b0000,0x00000000011b0000)]
  0x0000000014ffb800 JavaThread "Service Thread" daemon [_thread_blocked, id=7944, stack(0x0000000016af0000,0x0000000016bf0000)]
  0x0000000014fc7000 JavaThread "C1 CompilerThread2" daemon [_thread_blocked, id=9892, stack(0x00000000165f0000,0x00000000166f0000)]
  0x0000000014fa3000 JavaThread "C2 CompilerThread1" daemon [_thread_in_native, id=15624, stack(0x00000000164f0000,0x00000000165f0000)]
=>0x0000000014f9c000 JavaThread "C2 CompilerThread0" daemon [_thread_in_native, id=9972, stack(0x00000000163f0000,0x00000000164f0000)]
  0x0000000014f9a800 JavaThread "Attach Listener" daemon [_thread_blocked, id=10900, stack(0x00000000162f0000,0x00000000163f0000)]
  0x0000000014f99800 JavaThread "Signal Dispatcher" daemon [_thread_blocked, id=20348, stack(0x00000000161f0000,0x00000000162f0000)]
  0x00000000012a6000 JavaThread "Finalizer" daemon [_thread_blocked, id=13280, stack(0x00000000160f0000,0x00000000161f0000)]
  0x000000000129d000 JavaThread "Reference Handler" daemon [_thread_blocked, id=12196, stack(0x0000000015ff0000,0x00000000160f0000)]

Other Threads:
  0x0000000014f67800 VMThread [stack: 0x0000000015ef0000,0x0000000015ff0000] [id=20756]
  0x0000000014ffd000 WatcherThread [stack: 0x0000000016bf0000,0x0000000016cf0000] [id=5940]

VM state:not at safepoint (normal execution)

VM Mutex/Monitor currently owned by a thread: None

Heap:
 PSYoungGen      total 137728K, used 45081K [0x00000000eab00000, 0x00000000f4d00000, 0x0000000100000000)
  eden space 123392K, 24% used [0x00000000eab00000,0x00000000ec90b3e0,0x00000000f2380000)
  from space 14336K, 99% used [0x00000000f3600000,0x00000000f43fb3b0,0x00000000f4400000)
  to   space 18944K, 0% used [0x00000000f2380000,0x00000000f2380000,0x00000000f3600000)
 ParOldGen       total 44032K, used 28979K [0x00000000c0000000, 0x00000000c2b00000, 0x00000000eab00000)
  object space 44032K, 65% used [0x00000000c0000000,0x00000000c1c4ce08,0x00000000c2b00000)
 Metaspace       used 7033K, capacity 7608K, committed 7936K, reserved 1056768K
  class space    used 659K, capacity 688K, committed 768K, reserved 1048576K

Card table byte_map: [0x0000000001670000,0x0000000001880000] byte_map_base: 0x0000000001070000

Marking Bits: (ParMarkBitMap*) 0x00000000710c4040
 Begin Bits: [0x0000000012400000, 0x0000000013400000)
 End Bits:   [0x0000000013400000, 0x0000000014400000)

Polling page: 0x0000000000a70000

CodeCache: size=245760Kb used=8950Kb max_used=8962Kb free=236809Kb
 bounds [0x0000000003400000, 0x0000000003cd0000, 0x0000000012400000]
 total_blobs=2569 nmethods=2292 adapters=190
 compilation: enabled

Compilation events (10 events):
Event: 8.412 Thread 0x0000000014f9c000 nmethod 1737 0x0000000003c84250 code [0x0000000003c843c0, 0x0000000003c84e78]
Event: 8.412 Thread 0x0000000014f9c000 1739       4       java.util.ArrayList$SubList::removeRange (47 bytes)
Event: 8.419 Thread 0x0000000014f9c000 nmethod 1739 0x0000000003c89010 code [0x0000000003c89160, 0x0000000003c893d8]
Event: 8.419 Thread 0x0000000014f9c000 1744       4       com.android.dx.ssa.SsaBasicBlock::scheduleMovesFromPhis (108 bytes)
Event: 8.425 Thread 0x0000000014f9c000 nmethod 1744 0x0000000003c83c50 code [0x0000000003c83da0, 0x0000000003c83fe8]
Event: 8.425 Thread 0x0000000014f9c000 1694       4       com.android.dx.ssa.SsaConverter::needsNewSuccessor (53 bytes)
Event: 8.433 Thread 0x0000000014f9c000 nmethod 1694 0x0000000003cbf790 code [0x0000000003cbf8e0, 0x0000000003cbfaf8]
Event: 8.434 Thread 0x0000000014f9c000 1767       4       com.android.dx.ssa.SsaRenamer$BlockRenamer::<init> (72 bytes)
Event: 8.443 Thread 0x0000000014f9c000 nmethod 1767 0x0000000003cbefd0 code [0x0000000003cbf140, 0x0000000003cbf4f8]
Event: 8.443 Thread 0x0000000014f9c000 1768       4       com.android.dx.ssa.SsaRenamer$1::visitBlock (16 bytes)

GC Heap History (10 events):
Event: 3.013 GC heap before
{Heap before GC invocations=4 (full 0):
 PSYoungGen      total 18944K, used 18933K [0x00000000eab00000, 0x00000000ed000000, 0x0000000100000000)
  eden space 16384K, 100% used [0x00000000eab00000,0x00000000ebb00000,0x00000000ebb00000)
  from space 2560K, 99% used [0x00000000ebb00000,0x00000000ebd7d6e0,0x00000000ebd80000)
  to   space 2560K, 0% used [0x00000000ecd80000,0x00000000ecd80000,0x00000000ed000000)
 ParOldGen       total 44032K, used 6757K [0x00000000c0000000, 0x00000000c2b00000, 0x00000000eab00000)
  object space 44032K, 15% used [0x00000000c0000000,0x00000000c0699700,0x00000000c2b00000)
 Metaspace       used 5984K, capacity 7024K, committed 7296K, reserved 1056768K
  class space    used 577K, capacity 616K, committed 640K, reserved 1048576K
Event: 3.029 GC heap after
Heap after GC invocations=4 (full 0):
 PSYoungGen      total 35328K, used 2549K [0x00000000eab00000, 0x00000000ed000000, 0x0000000100000000)
  eden space 32768K, 0% used [0x00000000eab00000,0x00000000eab00000,0x00000000ecb00000)
  from space 2560K, 99% used [0x00000000ecd80000,0x00000000ecffd6e0,0x00000000ed000000)
  to   space 2560K, 0% used [0x00000000ecb00000,0x00000000ecb00000,0x00000000ecd80000)
 ParOldGen       total 44032K, used 9598K [0x00000000c0000000, 0x00000000c2b00000, 0x00000000eab00000)
  object space 44032K, 21% used [0x00000000c0000000,0x00000000c095fa60,0x00000000c2b00000)
 Metaspace       used 5984K, capacity 7024K, committed 7296K, reserved 1056768K
  class space    used 577K, capacity 616K, committed 640K, reserved 1048576K
}
Event: 3.583 GC heap before
{Heap before GC invocations=5 (full 0):
 PSYoungGen      total 35328K, used 35317K [0x00000000eab00000, 0x00000000ed000000, 0x0000000100000000)
  eden space 32768K, 100% used [0x00000000eab00000,0x00000000ecb00000,0x00000000ecb00000)
  from space 2560K, 99% used [0x00000000ecd80000,0x00000000ecffd6e0,0x00000000ed000000)
  to   space 2560K, 0% used [0x00000000ecb00000,0x00000000ecb00000,0x00000000ecd80000)
 ParOldGen       total 44032K, used 9598K [0x00000000c0000000, 0x00000000c2b00000, 0x00000000eab00000)
  object space 44032K, 21% used [0x00000000c0000000,0x00000000c095fa60,0x00000000c2b00000)
 Metaspace       used 6049K, capacity 7088K, committed 7296K, reserved 1056768K
  class space    used 578K, capacity 616K, committed 640K, reserved 1048576K
Event: 3.615 GC heap after
Heap after GC invocations=5 (full 0):
 PSYoungGen      total 35328K, used 2560K [0x00000000eab00000, 0x00000000efa00000, 0x0000000100000000)
  eden space 32768K, 0% used [0x00000000eab00000,0x00000000eab00000,0x00000000ecb00000)
  from space 2560K, 100% used [0x00000000ecb00000,0x00000000ecd80000,0x00000000ecd80000)
  to   space 7680K, 0% used [0x00000000ef280000,0x00000000ef280000,0x00000000efa00000)
 ParOldGen       total 44032K, used 14765K [0x00000000c0000000, 0x00000000c2b00000, 0x00000000eab00000)
  object space 44032K, 33% used [0x00000000c0000000,0x00000000c0e6b528,0x00000000c2b00000)
 Metaspace       used 6049K, capacity 7088K, committed 7296K, reserved 1056768K
  class space    used 578K, capacity 616K, committed 640K, reserved 1048576K
}
Event: 4.122 GC heap before
{Heap before GC invocations=6 (full 0):
 PSYoungGen      total 35328K, used 35328K [0x00000000eab00000, 0x00000000efa00000, 0x0000000100000000)
  eden space 32768K, 100% used [0x00000000eab00000,0x00000000ecb00000,0x00000000ecb00000)
  from space 2560K, 100% used [0x00000000ecb00000,0x00000000ecd80000,0x00000000ecd80000)
  to   space 7680K, 0% used [0x00000000ef280000,0x00000000ef280000,0x00000000efa00000)
 ParOldGen       total 44032K, used 14765K [0x00000000c0000000, 0x00000000c2b00000, 0x00000000eab00000)
  object space 44032K, 33% used [0x00000000c0000000,0x00000000c0e6b528,0x00000000c2b00000)
 Metaspace       used 6083K, capacity 7088K, committed 7296K, reserved 1056768K
  class space    used 578K, capacity 616K, committed 640K, reserved 1048576K
Event: 4.163 GC heap after
Heap after GC invocations=6 (full 0):
 PSYoungGen      total 71680K, used 7650K [0x00000000eab00000, 0x00000000efd00000, 0x0000000100000000)
  eden space 64000K, 0% used [0x00000000eab00000,0x00000000eab00000,0x00000000ee980000)
  from space 7680K, 99% used [0x00000000ef280000,0x00000000ef9f8ac8,0x00000000efa00000)
  to   space 9216K, 0% used [0x00000000ee980000,0x00000000ee980000,0x00000000ef280000)
 ParOldGen       total 44032K, used 16139K [0x00000000c0000000, 0x00000000c2b00000, 0x00000000eab00000)
  object space 44032K, 36% used [0x00000000c0000000,0x00000000c0fc2c38,0x00000000c2b00000)
 Metaspace       used 6083K, capacity 7088K, committed 7296K, reserved 1056768K
  class space    used 578K, capacity 616K, committed 640K, reserved 1048576K
}
Event: 5.092 GC heap before
{Heap before GC invocations=7 (full 0):
 PSYoungGen      total 71680K, used 71650K [0x00000000eab00000, 0x00000000efd00000, 0x0000000100000000)
  eden space 64000K, 100% used [0x00000000eab00000,0x00000000ee980000,0x00000000ee980000)
  from space 7680K, 99% used [0x00000000ef280000,0x00000000ef9f8ac8,0x00000000efa00000)
  to   space 9216K, 0% used [0x00000000ee980000,0x00000000ee980000,0x00000000ef280000)
 ParOldGen       total 44032K, used 16139K [0x00000000c0000000, 0x00000000c2b00000, 0x00000000eab00000)
  object space 44032K, 36% used [0x00000000c0000000,0x00000000c0fc2c38,0x00000000c2b00000)
 Metaspace       used 6232K, capacity 7156K, committed 7296K, reserved 1056768K
  class space    used 599K, capacity 620K, committed 640K, reserved 1048576K
Event: 5.160 GC heap after
Heap after GC invocations=7 (full 0):
 PSYoungGen      total 73216K, used 9208K [0x00000000eab00000, 0x00000000f4400000, 0x0000000100000000)
  eden space 64000K, 0% used [0x00000000eab00000,0x00000000eab00000,0x00000000ee980000)
  from space 9216K, 99% used [0x00000000ee980000,0x00000000ef27e3a8,0x00000000ef280000)
  to   space 14336K, 0% used [0x00000000f3600000,0x00000000f3600000,0x00000000f4400000)
 ParOldGen       total 44032K, used 23874K [0x00000000c0000000, 0x00000000c2b00000, 0x00000000eab00000)
  object space 44032K, 54% used [0x00000000c0000000,0x00000000c1750960,0x00000000c2b00000)
 Metaspace       used 6232K, capacity 7156K, committed 7296K, reserved 1056768K
  class space    used 599K, capacity 620K, committed 640K, reserved 1048576K
}
Event: 6.024 GC heap before
{Heap before GC invocations=8 (full 0):
 PSYoungGen      total 73216K, used 73208K [0x00000000eab00000, 0x00000000f4400000, 0x0000000100000000)
  eden space 64000K, 100% used [0x00000000eab00000,0x00000000ee980000,0x00000000ee980000)
  from space 9216K, 99% used [0x00000000ee980000,0x00000000ef27e3a8,0x00000000ef280000)
  to   space 14336K, 0% used [0x00000000f3600000,0x00000000f3600000,0x00000000f4400000)
 ParOldGen       total 44032K, used 23874K [0x00000000c0000000, 0x00000000c2b00000, 0x00000000eab00000)
  object space 44032K, 54% used [0x00000000c0000000,0x00000000c1750960,0x00000000c2b00000)
 Metaspace       used 6264K, capacity 7156K, committed 7296K, reserved 1056768K
  class space    used 599K, capacity 620K, committed 640K, reserved 1048576K
Event: 6.095 GC heap after
Heap after GC invocations=8 (full 0):
 PSYoungGen      total 137728K, used 14316K [0x00000000eab00000, 0x00000000f4d00000, 0x0000000100000000)
  eden space 123392K, 0% used [0x00000000eab00000,0x00000000eab00000,0x00000000f2380000)
  from space 14336K, 99% used [0x00000000f3600000,0x00000000f43fb3b0,0x00000000f4400000)
  to   space 18944K, 0% used [0x00000000f2380000,0x00000000f2380000,0x00000000f3600000)
 ParOldGen       total 44032K, used 28979K [0x00000000c0000000, 0x00000000c2b00000, 0x00000000eab00000)
  object space 44032K, 65% used [0x00000000c0000000,0x00000000c1c4ce08,0x00000000c2b00000)
 Metaspace       used 6264K, capacity 7156K, committed 7296K, reserved 1056768K
  class space    used 599K, capacity 620K, committed 640K, reserved 1048576K
}

Deoptimization events (10 events):
Event: 6.371 Thread 0x00000000011b0800 Uncommon trap: reason=class_check action=maybe_recompile pc=0x0000000003803488 method=java.util.Arrays.hashCode([Ljava/lang/Object;)I @ 43
Event: 6.371 Thread 0x00000000011b0800 Uncommon trap: reason=class_check action=maybe_recompile pc=0x0000000003803488 method=java.util.Arrays.hashCode([Ljava/lang/Object;)I @ 43
Event: 6.371 Thread 0x00000000011b0800 Uncommon trap: reason=class_check action=maybe_recompile pc=0x00000000037d9fc0 method=java.util.Arrays.hashCode([Ljava/lang/Object;)I @ 43
Event: 6.817 Thread 0x00000000011b0800 Uncommon trap: reason=speculate_class_check action=maybe_recompile pc=0x0000000003703e30 method=com.android.dx.util.FixedSizeList.equals(Ljava/lang/Object;)Z @ 25
Event: 6.817 Thread 0x00000000011b0800 Uncommon trap: reason=class_check action=maybe_recompile pc=0x0000000003704638 method=java.util.Arrays.equals([Ljava/lang/Object;[Ljava/lang/Object;)Z @ 62
Event: 6.817 Thread 0x00000000011b0800 Uncommon trap: reason=speculate_class_check action=maybe_recompile pc=0x0000000003703e30 method=com.android.dx.util.FixedSizeList.equals(Ljava/lang/Object;)Z @ 25
Event: 6.817 Thread 0x00000000011b0800 Uncommon trap: reason=unstable_if action=reinterpret pc=0x0000000003704610 method=java.util.Arrays.equals([Ljava/lang/Object;[Ljava/lang/Object;)Z @ 23
Event: 6.818 Thread 0x00000000011b0800 Uncommon trap: reason=speculate_class_check action=maybe_recompile pc=0x0000000003703e30 method=com.android.dx.util.FixedSizeList.equals(Ljava/lang/Object;)Z @ 25
Event: 6.819 Thread 0x00000000011b0800 Uncommon trap: reason=speculate_class_check action=maybe_recompile pc=0x0000000003703e30 method=com.android.dx.util.FixedSizeList.equals(Ljava/lang/Object;)Z @ 25
Event: 7.630 Thread 0x00000000011b0800 Uncommon trap: reason=unstable_if action=reinterpret pc=0x00000000036ddfe4 method=java.util.Arrays.copyOf([Ljava/lang/Object;ILjava/lang/Class;)[Ljava/lang/Object; @ 3

Internal exceptions (5 events):
Event: 0.588 Thread 0x00000000011b0800 Exception <a 'java/lang/NoSuchMethodError': Method sun.misc.Unsafe.defineClass(Ljava/lang/String;[BII)Ljava/lang/Class; name or signature does not match> (0x00000000eab0d320) thrown at [C:\re\workspace\8-2-build-windows-amd64-cygwin\jdk8u45\3627\hotspot\srπ” –‚?
Event: 0.588 Thread 0x00000000011b0800 Exception <a 'java/lang/NoSuchMethodError': Method sun.misc.Unsafe.prefetchRead(Ljava/lang/Object;J)V name or signature does not match> (0x00000000eab0d5b0) thrown at [C:\re\workspace\8-2-build-windows-amd64-cygwin\jdk8u45\3627\hotspot\src\share\vm\prims\j©nıÂ@
Event: 4.225 Thread 0x00000000011b0800 Exception <a 'java/lang/ArrayIndexOutOfBoundsException': 18> (0x00000000eb5ea820) thrown at [C:\re\workspace\8-2-build-windows-amd64-cygwin\jdk8u45\3627\hotspot\src\share\vm\interpreter\interpreterRuntime.cpp, line 366]
Event: 4.226 Thread 0x00000000011b0800 Exception <a 'java/lang/ArrayIndexOutOfBoundsException'> (0x00000000eb5ec2f0) thrown at [C:\re\workspace\8-2-build-windows-amd64-cygwin\jdk8u45\3627\hotspot\src\share\vm\runtime\sharedRuntime.cpp, line 605]
Event: 4.228 Thread 0x00000000011b0800 Exception <a 'java/lang/ArrayIndexOutOfBoundsException'> (0x00000000eb5ed528) thrown at [C:\re\workspace\8-2-build-windows-amd64-cygwin\jdk8u45\3627\hotspot\src\share\vm\runtime\sharedRuntime.cpp, line 605]

Events (10 events):
Event: 7.726 loading class java/io/DataOutputStream
Event: 7.726 loading class java/io/DataOutput
Event: 7.726 loading class java/io/DataOutput done
Event: 7.726 loading class java/io/DataOutputStream done
Event: 7.727 loading class java/lang/StringCoding$StringEncoder
Event: 7.727 loading class java/lang/StringCoding$StringEncoder done
Event: 7.872 loading class java/util/Vector$Itr
Event: 7.872 loading class java/util/Vector$Itr done
Event: 7.904 loading class java/io/FileOutputStream$1
Event: 7.905 loading class java/io/FileOutputStream$1 done


Dynamic libraries:
0x00007ff756450000 - 0x00007ff756487000 	C:\Program Files\Java\jdk1.8.0_45\bin\java.exe
0x00007ffc86070000 - 0x00007ffc86231000 	C:\WINDOWS\SYSTEM32\ntdll.dll
0x00007ffc85640000 - 0x00007ffc856ed000 	C:\WINDOWS\system32\KERNEL32.DLL
0x00007ffc83560000 - 0x00007ffc8373d000 	C:\WINDOWS\system32\KERNELBASE.dll
0x00007ffc85760000 - 0x00007ffc85806000 	C:\WINDOWS\system32\ADVAPI32.dll
0x00007ffc85290000 - 0x00007ffc8532d000 	C:\WINDOWS\system32\msvcrt.dll
0x00007ffc85a90000 - 0x00007ffc85aeb000 	C:\WINDOWS\system32\sechost.dll
0x00007ffc85af0000 - 0x00007ffc85c16000 	C:\WINDOWS\system32\RPCRT4.dll
0x00007ffc85490000 - 0x00007ffc855de000 	C:\WINDOWS\system32\USER32.dll
0x00007ffc85ee0000 - 0x00007ffc86066000 	C:\WINDOWS\system32\GDI32.dll
0x00007ffc77750000 - 0x00007ffc779c4000 	C:\WINDOWS\WinSxS\amd64_microsoft.windows.common-controls_6595b64144ccf1df_6.0.10240.16384_none_f41f7b285750ef43\COMCTL32.dll
0x00007ffc858a0000 - 0x00007ffc858d6000 	C:\WINDOWS\system32\IMM32.DLL
0x00007ffc85330000 - 0x00007ffc8548c000 	C:\WINDOWS\system32\MSCTF.dll
0x0000000071b00000 - 0x0000000071bd2000 	C:\Program Files\Java\jdk1.8.0_45\jre\bin\msvcr100.dll
0x00000000708c0000 - 0x0000000071143000 	C:\Program Files\Java\jdk1.8.0_45\jre\bin\server\jvm.dll
0x00007ffc83a90000 - 0x00007ffc83a98000 	C:\WINDOWS\system32\PSAPI.DLL
0x00007ffc81120000 - 0x00007ffc81143000 	C:\WINDOWS\SYSTEM32\WINMM.dll
0x00007ffc7f680000 - 0x00007ffc7f689000 	C:\WINDOWS\SYSTEM32\WSOCK32.dll
0x00007ffc767a0000 - 0x00007ffc767aa000 	C:\WINDOWS\SYSTEM32\VERSION.dll
0x00007ffc810c0000 - 0x00007ffc810ec000 	C:\WINDOWS\SYSTEM32\WINMMBASE.dll
0x00007ffc82dc0000 - 0x00007ffc82e04000 	C:\WINDOWS\system32\cfgmgr32.dll
0x00007ffc81370000 - 0x00007ffc81397000 	C:\WINDOWS\SYSTEM32\DEVOBJ.dll
0x00007ffc85830000 - 0x00007ffc85899000 	C:\WINDOWS\system32\WS2_32.dll
0x00007ffc85df0000 - 0x00007ffc85df8000 	C:\WINDOWS\system32\NSI.dll
0x0000000071af0000 - 0x0000000071aff000 	C:\Program Files\Java\jdk1.8.0_45\jre\bin\verify.dll
0x0000000071ac0000 - 0x0000000071ae9000 	C:\Program Files\Java\jdk1.8.0_45\jre\bin\java.dll
0x0000000071aa0000 - 0x0000000071ab6000 	C:\Program Files\Java\jdk1.8.0_45\jre\bin\zip.dll
0x00007ffc83d00000 - 0x00007ffc85222000 	C:\WINDOWS\system32\SHELL32.dll
0x00007ffc82ed0000 - 0x00007ffc834f8000 	C:\WINDOWS\system32\windows.storage.dll
0x00007ffc83800000 - 0x00007ffc83a7c000 	C:\WINDOWS\system32\combase.dll
0x00007ffc83ca0000 - 0x00007ffc83cf1000 	C:\WINDOWS\system32\shlwapi.dll
0x00007ffc82b30000 - 0x00007ffc82b3f000 	C:\WINDOWS\system32\kernel.appcore.dll
0x00007ffc82e10000 - 0x00007ffc82ec3000 	C:\WINDOWS\system32\shcore.dll
0x00007ffc82ac0000 - 0x00007ffc82b0a000 	C:\WINDOWS\system32\powrprof.dll
0x00007ffc82aa0000 - 0x00007ffc82ab3000 	C:\WINDOWS\system32\profapi.dll
0x00007ffc723a0000 - 0x00007ffc7252a000 	C:\WINDOWS\SYSTEM32\dbghelp.dll

VM Arguments:
jvm_args: -Xmx1024M -Dfile.encoding=windows-1252 -Duser.country=ES -Duser.language=es -Duser.variant 
java_command: com.android.dx.command.Main --dex --num-threads=4 --output F:\AndroidStudioProjects\Fragment-master\app\build\intermediates\pre-dexed\debug\classes-a24916fc9fa1574ec447e0c197d8901cd5a2903a.jar F:\AndroidStudioProjects\Fragment-master\app\build\intermediates\exploded-aar\com.google.android.gms\play-services-analytics\8.3.0\jars\classes.jar
java_class_path (initial): C:\Users\Sergio\AppData\Local\Android\Sdk\build-tools\23.0.1\lib\dx.jar
Launcher Type: SUN_STANDARD

Environment Variables:
CLASSPATH=.;C:\Program Files (x86)\QuickTime\QTSystem\QTJava.zip
PATH=C:\ProgramData\Oracle\Java\javapath;C:\Program Files (x86)\Intel\TXE Components\TCS\;C:\Program Files\Intel\TXE Components\TCS\;C:\WINDOWS\system32;C:\WINDOWS;C:\WINDOWS\System32\Wbem;C:\WINDOWS\System32\WindowsPowerShell\v1.0\;C:\Program Files (x86)\Windows Live\Shared;C:\Program Files\Intel\TXE Components\DAL\;C:\Program Files (x86)\Intel\TXE Components\DAL\;C:\Program Files\Intel\TXE Components\IPT\;C:\Program Files (x86)\Intel\TXE Components\IPT\;C:\Program Files\Intel\WiFi\bin\;C:\Program Files\Common Files\Intel\WirelessCommon\;C:\Program Files (x86)\QuickTime\QTSystem\;C:\Program Files (x86)\Skype\Phone\
USERNAME=Sergio
OS=Windows_NT
PROCESSOR_IDENTIFIER=Intel64 Family 6 Model 55 Stepping 8, GenuineIntel



---------------  S Y S T E M  ---------------

OS: Windows 10.0 , 64 bit Build 10240 (10.0.10240.16384)

CPU:total 4 (4 cores per cpu, 1 threads per core) family 6 model 55 stepping 8, cmov, cx8, fxsr, mmx, sse, sse2, sse3, ssse3, sse4.1, sse4.2, popcnt, clmul, erms, 3dnowpref, tsc, tscinvbit

Memory: 4k page, physical 4081120k(417712k free), swap 7223868k(5084k free)

vm_info: Java HotSpot(TM) 64-Bit Server VM (25.45-b02) for windows-amd64 JRE (1.8.0_45-b15), built on Apr 30 2015 12:40:44 by "java_re" with MS VC++ 10.0 (VS2010)

time: Thu Nov 26 12:04:05 2015
elapsed time: 8 seconds (0d 0h 0m 8s)

