#
# There is insufficient memory for the Java Runtime Environment to continue.
# Native memory allocation (malloc) failed to allocate 869616 bytes for Chunk::new
# Possible reasons:
#   The system is out of physical RAM or swap space
#   In 32 bit mode, the process size limit was hit
# Possible solutions:
#   Reduce memory load on the system
#   Increase physical memory or swap space
#   Check if swap backing store is full
#   Use 64 bit Java on a 64 bit OS
#   Decrease Java heap size (-Xmx/-Xms)
#   Decrease number of Java threads
#   Decrease Java thread stack sizes (-Xss)
#   Set larger code cache with -XX:ReservedCodeCacheSize=
# This output file may be truncated or incomplete.
#
#  Out of Memory Error (allocation.cpp:390), pid=2824, tid=944
#
# JRE version: Java(TM) SE Runtime Environment (8.0_45-b15) (build 1.8.0_45-b15)
# Java VM: Java HotSpot(TM) 64-Bit Server VM (25.45-b02 mixed mode windows-amd64 compressed oops)
# Failed to write core dump. Minidumps are not enabled by default on client versions of Windows
#

---------------  T H R E A D  ---------------

Current thread (0x0000000014f9c000):  JavaThread "C2 CompilerThread0" daemon [_thread_in_native, id=944, stack(0x0000000016410000,0x0000000016510000)]

Stack: [0x0000000016410000,0x0000000016510000]
Native frames: (J=compiled Java code, j=interpreted, Vv=VM code, C=native code)
V  [jvm.dll+0x32b57a]
V  [jvm.dll+0x279873]
V  [jvm.dll+0x27a509]
V  [jvm.dll+0x271825]
V  [jvm.dll+0xcb9e2]
V  [jvm.dll+0xcbeac]
V  [jvm.dll+0x476ef2]
V  [jvm.dll+0x4b955f]
V  [jvm.dll+0x46bf81]
V  [jvm.dll+0x46ccbe]
V  [jvm.dll+0x4500f2]
V  [jvm.dll+0xa4352]
V  [jvm.dll+0xa4c8f]
V  [jvm.dll+0x241984]
V  [jvm.dll+0x29853a]
C  [msvcr100.dll+0x21d9f]
C  [msvcr100.dll+0x21e3b]
C  [KERNEL32.DLL+0x12d92]
C  [ntdll.dll+0x9f64]


Current CompileTask:
C2:   5696 1600       4       com.android.dx.ssa.LocalVariableExtractor::processBlock (383 bytes)


---------------  P R O C E S S  ---------------

Java Threads: ( => current thread )
  0x0000000016a1f800 JavaThread "pool-1-thread-4" [_thread_blocked, id=17492, stack(0x0000000017110000,0x0000000017210000)]
  0x0000000016a21000 JavaThread "pool-1-thread-3" [_thread_in_Java, id=20772, stack(0x0000000017010000,0x0000000017110000)]
  0x0000000016a26000 JavaThread "pool-1-thread-2" [_thread_blocked, id=18440, stack(0x0000000016f10000,0x0000000017010000)]
  0x0000000016983800 JavaThread "pool-2-thread-1" [_thread_blocked, id=18100, stack(0x0000000016e10000,0x0000000016f10000)]
  0x000000001697f000 JavaThread "pool-1-thread-1" [_thread_in_Java, id=13732, stack(0x0000000016d10000,0x0000000016e10000)]
  0x000000001673b800 JavaThread "Service Thread" daemon [_thread_blocked, id=21584, stack(0x0000000016b10000,0x0000000016c10000)]
  0x0000000014fac000 JavaThread "C1 CompilerThread2" daemon [_thread_blocked, id=18312, stack(0x0000000016610000,0x0000000016710000)]
  0x0000000014fa0000 JavaThread "C2 CompilerThread1" daemon [_thread_in_native, id=9736, stack(0x0000000016510000,0x0000000016610000)]
=>0x0000000014f9c000 JavaThread "C2 CompilerThread0" daemon [_thread_in_native, id=944, stack(0x0000000016410000,0x0000000016510000)]
  0x0000000014f9a800 JavaThread "Attach Listener" daemon [_thread_blocked, id=11728, stack(0x0000000016310000,0x0000000016410000)]
  0x0000000014f99800 JavaThread "Signal Dispatcher" daemon [_thread_blocked, id=4112, stack(0x0000000016210000,0x0000000016310000)]
  0x0000000001356000 JavaThread "Finalizer" daemon [_thread_blocked, id=4876, stack(0x0000000016110000,0x0000000016210000)]
  0x000000000134d000 JavaThread "Reference Handler" daemon [_thread_blocked, id=16772, stack(0x0000000016010000,0x0000000016110000)]
  0x0000000001260800 JavaThread "main" [_thread_in_Java, id=22848, stack(0x00000000010e0000,0x00000000011e0000)]

Other Threads:
  0x0000000014f67800 VMThread [stack: 0x0000000015f10000,0x0000000016010000] [id=18096]
  0x0000000016745000 WatcherThread [stack: 0x0000000016c10000,0x0000000016d10000] [id=12900]

VM state:not at safepoint (normal execution)

VM Mutex/Monitor currently owned by a thread: None

Heap:
 PSYoungGen      total 35328K, used 32170K [0x00000000eab00000, 0x00000000efa00000, 0x0000000100000000)
  eden space 32768K, 90% used [0x00000000eab00000,0x00000000ec7ed3b0,0x00000000ecb00000)
  from space 2560K, 99% used [0x00000000ecb00000,0x00000000ecd7d788,0x00000000ecd80000)
  to   space 7680K, 0% used [0x00000000ef280000,0x00000000ef280000,0x00000000efa00000)
 ParOldGen       total 44032K, used 14483K [0x00000000c0000000, 0x00000000c2b00000, 0x00000000eab00000)
  object space 44032K, 32% used [0x00000000c0000000,0x00000000c0e24c28,0x00000000c2b00000)
 Metaspace       used 6117K, capacity 7152K, committed 7296K, reserved 1056768K
  class space    used 586K, capacity 616K, committed 640K, reserved 1048576K

Card table byte_map: [0x0000000001720000,0x0000000001930000] byte_map_base: 0x0000000001120000

Marking Bits: (ParMarkBitMap*) 0x00000000710c4040
 Begin Bits: [0x0000000012400000, 0x0000000013400000)
 End Bits:   [0x0000000013400000, 0x0000000014400000)

Polling page: 0x0000000000cc0000

CodeCache: size=245760Kb used=6607Kb max_used=6607Kb free=239152Kb
 bounds [0x0000000003400000, 0x0000000003a80000, 0x0000000012400000]
 total_blobs=1907 nmethods=1639 adapters=182
 compilation: enabled

Compilation events (10 events):
Event: 4.567 Thread 0x0000000014fac000 1612       2       sun.misc.Unsafe::getAndAddInt (27 bytes)
Event: 4.568 Thread 0x0000000014fac000 nmethod 1612 0x0000000003a32b10 code [0x0000000003a32c60, 0x0000000003a32e10]
Event: 4.581 Thread 0x0000000014fac000 1614       1       com.android.dx.rop.cst.TypedConstant::getFrameType (2 bytes)
Event: 4.581 Thread 0x0000000014fac000 nmethod 1614 0x0000000003a32850 code [0x0000000003a329a0, 0x0000000003a32ab0]
Event: 4.583 Thread 0x0000000014fac000 1615       2       java.util.concurrent.ThreadPoolExecutor::runStateOf (5 bytes)
Event: 4.583 Thread 0x0000000014fac000 nmethod 1615 0x0000000003a324d0 code [0x0000000003a32620, 0x0000000003a32750]
Event: 4.583 Thread 0x0000000014fac000 1616       2       java.lang.Boolean::valueOf (14 bytes)
Event: 4.583 Thread 0x0000000014fac000 nmethod 1616 0x0000000003a478d0 code [0x0000000003a47a20, 0x0000000003a47b70]
Event: 4.654 Thread 0x0000000014f9c000 nmethod 1597 0x0000000003a4cb10 code [0x0000000003a4cde0, 0x0000000003a4f030]
Event: 4.656 Thread 0x0000000014f9c000 1600       4       com.android.dx.ssa.LocalVariableExtractor::processBlock (383 bytes)

GC Heap History (10 events):
Event: 2.653 GC heap before
{Heap before GC invocations=1 (full 0):
 PSYoungGen      total 18944K, used 16384K [0x00000000eab00000, 0x00000000ec000000, 0x0000000100000000)
  eden space 16384K, 100% used [0x00000000eab00000,0x00000000ebb00000,0x00000000ebb00000)
  from space 2560K, 0% used [0x00000000ebd80000,0x00000000ebd80000,0x00000000ec000000)
  to   space 2560K, 0% used [0x00000000ebb00000,0x00000000ebb00000,0x00000000ebd80000)
 ParOldGen       total 44032K, used 0K [0x00000000c0000000, 0x00000000c2b00000, 0x00000000eab00000)
  object space 44032K, 0% used [0x00000000c0000000,0x00000000c0000000,0x00000000c2b00000)
 Metaspace       used 5615K, capacity 6704K, committed 6784K, reserved 1056768K
  class space    used 580K, capacity 616K, committed 640K, reserved 1048576K
Event: 2.664 GC heap after
Heap after GC invocations=1 (full 0):
 PSYoungGen      total 18944K, used 2554K [0x00000000eab00000, 0x00000000ec000000, 0x0000000100000000)
  eden space 16384K, 0% used [0x00000000eab00000,0x00000000eab00000,0x00000000ebb00000)
  from space 2560K, 99% used [0x00000000ebb00000,0x00000000ebd7ea80,0x00000000ebd80000)
  to   space 2560K, 0% used [0x00000000ebd80000,0x00000000ebd80000,0x00000000ec000000)
 ParOldGen       total 44032K, used 1843K [0x00000000c0000000, 0x00000000c2b00000, 0x00000000eab00000)
  object space 44032K, 4% used [0x00000000c0000000,0x00000000c01cccb0,0x00000000c2b00000)
 Metaspace       used 5615K, capacity 6704K, committed 6784K, reserved 1056768K
  class space    used 580K, capacity 616K, committed 640K, reserved 1048576K
}
Event: 3.359 GC heap before
{Heap before GC invocations=2 (full 0):
 PSYoungGen      total 18944K, used 18938K [0x00000000eab00000, 0x00000000ec000000, 0x0000000100000000)
  eden space 16384K, 100% used [0x00000000eab00000,0x00000000ebb00000,0x00000000ebb00000)
  from space 2560K, 99% used [0x00000000ebb00000,0x00000000ebd7ea80,0x00000000ebd80000)
  to   space 2560K, 0% used [0x00000000ebd80000,0x00000000ebd80000,0x00000000ec000000)
 ParOldGen       total 44032K, used 1843K [0x00000000c0000000, 0x00000000c2b00000, 0x00000000eab00000)
  object space 44032K, 4% used [0x00000000c0000000,0x00000000c01cccb0,0x00000000c2b00000)
 Metaspace       used 5909K, capacity 6960K, committed 7040K, reserved 1056768K
  class space    used 585K, capacity 616K, committed 640K, reserved 1048576K
Event: 3.375 GC heap after
Heap after GC invocations=2 (full 0):
 PSYoungGen      total 18944K, used 2535K [0x00000000eab00000, 0x00000000ed000000, 0x0000000100000000)
  eden space 16384K, 0% used [0x00000000eab00000,0x00000000eab00000,0x00000000ebb00000)
  from space 2560K, 99% used [0x00000000ebd80000,0x00000000ebff9c60,0x00000000ec000000)
  to   space 2560K, 0% used [0x00000000ebb00000,0x00000000ebb00000,0x00000000ebd80000)
 ParOldGen       total 44032K, used 4005K [0x00000000c0000000, 0x00000000c2b00000, 0x00000000eab00000)
  object space 44032K, 9% used [0x00000000c0000000,0x00000000c03e97e0,0x00000000c2b00000)
 Metaspace       used 5909K, capacity 6960K, committed 7040K, reserved 1056768K
  class space    used 585K, capacity 616K, committed 640K, reserved 1048576K
}
Event: 3.755 GC heap before
{Heap before GC invocations=3 (full 0):
 PSYoungGen      total 18944K, used 18919K [0x00000000eab00000, 0x00000000ed000000, 0x0000000100000000)
  eden space 16384K, 100% used [0x00000000eab00000,0x00000000ebb00000,0x00000000ebb00000)
  from space 2560K, 99% used [0x00000000ebd80000,0x00000000ebff9c60,0x00000000ec000000)
  to   space 2560K, 0% used [0x00000000ebb00000,0x00000000ebb00000,0x00000000ebd80000)
 ParOldGen       total 44032K, used 4005K [0x00000000c0000000, 0x00000000c2b00000, 0x00000000eab00000)
  object space 44032K, 9% used [0x00000000c0000000,0x00000000c03e97e0,0x00000000c2b00000)
 Metaspace       used 5990K, capacity 7024K, committed 7296K, reserved 1056768K
  class space    used 585K, capacity 616K, committed 640K, reserved 1048576K
Event: 3.773 GC heap after
Heap after GC invocations=3 (full 0):
 PSYoungGen      total 18944K, used 2551K [0x00000000eab00000, 0x00000000ed000000, 0x0000000100000000)
  eden space 16384K, 0% used [0x00000000eab00000,0x00000000eab00000,0x00000000ebb00000)
  from space 2560K, 99% used [0x00000000ebb00000,0x00000000ebd7dfa8,0x00000000ebd80000)
  to   space 2560K, 0% used [0x00000000ecd80000,0x00000000ecd80000,0x00000000ed000000)
 ParOldGen       total 44032K, used 7037K [0x00000000c0000000, 0x00000000c2b00000, 0x00000000eab00000)
  object space 44032K, 15% used [0x00000000c0000000,0x00000000c06df730,0x00000000c2b00000)
 Metaspace       used 5990K, capacity 7024K, committed 7296K, reserved 1056768K
  class space    used 585K, capacity 616K, committed 640K, reserved 1048576K
}
Event: 4.018 GC heap before
{Heap before GC invocations=4 (full 0):
 PSYoungGen      total 18944K, used 18935K [0x00000000eab00000, 0x00000000ed000000, 0x0000000100000000)
  eden space 16384K, 100% used [0x00000000eab00000,0x00000000ebb00000,0x00000000ebb00000)
  from space 2560K, 99% used [0x00000000ebb00000,0x00000000ebd7dfa8,0x00000000ebd80000)
  to   space 2560K, 0% used [0x00000000ecd80000,0x00000000ecd80000,0x00000000ed000000)
 ParOldGen       total 44032K, used 7037K [0x00000000c0000000, 0x00000000c2b00000, 0x00000000eab00000)
  object space 44032K, 15% used [0x00000000c0000000,0x00000000c06df730,0x00000000c2b00000)
 Metaspace       used 6026K, capacity 7088K, committed 7296K, reserved 1056768K
  class space    used 585K, capacity 616K, committed 640K, reserved 1048576K
Event: 4.050 GC heap after
Heap after GC invocations=4 (full 0):
 PSYoungGen      total 35328K, used 2535K [0x00000000eab00000, 0x00000000ed000000, 0x0000000100000000)
  eden space 32768K, 0% used [0x00000000eab00000,0x00000000eab00000,0x00000000ecb00000)
  from space 2560K, 99% used [0x00000000ecd80000,0x00000000ecff9f98,0x00000000ed000000)
  to   space 2560K, 0% used [0x00000000ecb00000,0x00000000ecb00000,0x00000000ecd80000)
 ParOldGen       total 44032K, used 9450K [0x00000000c0000000, 0x00000000c2b00000, 0x00000000eab00000)
  object space 44032K, 21% used [0x00000000c0000000,0x00000000c093aa28,0x00000000c2b00000)
 Metaspace       used 6026K, capacity 7088K, committed 7296K, reserved 1056768K
  class space    used 585K, capacity 616K, committed 640K, reserved 1048576K
}
Event: 4.500 GC heap before
{Heap before GC invocations=5 (full 0):
 PSYoungGen      total 35328K, used 35303K [0x00000000eab00000, 0x00000000ed000000, 0x0000000100000000)
  eden space 32768K, 100% used [0x00000000eab00000,0x00000000ecb00000,0x00000000ecb00000)
  from space 2560K, 99% used [0x00000000ecd80000,0x00000000ecff9f98,0x00000000ed000000)
  to   space 2560K, 0% used [0x00000000ecb00000,0x00000000ecb00000,0x00000000ecd80000)
 ParOldGen       total 44032K, used 9450K [0x00000000c0000000, 0x00000000c2b00000, 0x00000000eab00000)
  object space 44032K, 21% used [0x00000000c0000000,0x00000000c093aa28,0x00000000c2b00000)
 Metaspace       used 6087K, capacity 7152K, committed 7296K, reserved 1056768K
  class space    used 585K, capacity 616K, committed 640K, reserved 1048576K
Event: 4.538 GC heap after
Heap after GC invocations=5 (full 0):
 PSYoungGen      total 35328K, used 2549K [0x00000000eab00000, 0x00000000efa00000, 0x0000000100000000)
  eden space 32768K, 0% used [0x00000000eab00000,0x00000000eab00000,0x00000000ecb00000)
  from space 2560K, 99% used [0x00000000ecb00000,0x00000000ecd7d788,0x00000000ecd80000)
  to   space 7680K, 0% used [0x00000000ef280000,0x00000000ef280000,0x00000000efa00000)
 ParOldGen       total 44032K, used 14483K [0x00000000c0000000, 0x00000000c2b00000, 0x00000000eab00000)
  object space 44032K, 32% used [0x00000000c0000000,0x00000000c0e24c28,0x00000000c2b00000)
 Metaspace       used 6087K, capacity 7152K, committed 7296K, reserved 1056768K
  class space    used 585K, capacity 616K, committed 640K, reserved 1048576K
}

Deoptimization events (10 events):
Event: 3.532 Thread 0x000000001697f000 Uncommon trap: reason=bimorphic action=maybe_recompile pc=0x0000000003950124 method=com.android.dx.cf.code.BytecodeArray.parseInstruction(ILcom/android/dx/cf/code/BytecodeArray$Visitor;)I @ 2484
Event: 3.672 Thread 0x0000000016a1f800 Uncommon trap: reason=bimorphic action=maybe_recompile pc=0x0000000003792028 method=java.util.HashMap.getNode(ILjava/lang/Object;)Ljava/util/HashMap$Node; @ 126
Event: 3.672 Thread 0x0000000016a1f800 Uncommon trap: reason=class_check action=maybe_recompile pc=0x000000000389c79c method=java.util.HashMap.putVal(ILjava/lang/Object;Ljava/lang/Object;ZZ)Ljava/lang/Object; @ 203
Event: 3.672 Thread 0x0000000016a1f800 Uncommon trap: reason=bimorphic action=maybe_recompile pc=0x0000000003792028 method=java.util.HashMap.getNode(ILjava/lang/Object;)Ljava/util/HashMap$Node; @ 126
Event: 3.672 Thread 0x0000000016a1f800 Uncommon trap: reason=class_check action=maybe_recompile pc=0x000000000389c79c method=java.util.HashMap.putVal(ILjava/lang/Object;Ljava/lang/Object;ZZ)Ljava/lang/Object; @ 203
Event: 3.672 Thread 0x0000000016a1f800 Uncommon trap: reason=bimorphic action=maybe_recompile pc=0x0000000003792028 method=java.util.HashMap.getNode(ILjava/lang/Object;)Ljava/util/HashMap$Node; @ 126
Event: 3.785 Thread 0x0000000016a1f800 Uncommon trap: reason=class_check action=maybe_recompile pc=0x000000000389c79c method=java.util.HashMap.putVal(ILjava/lang/Object;Ljava/lang/Object;ZZ)Ljava/lang/Object; @ 203
Event: 3.978 Thread 0x0000000016a1f800 Uncommon trap: reason=uninitialized action=reinterpret pc=0x0000000003950df0 method=com.android.dx.cf.code.BytecodeArray.parseInstruction(ILcom/android/dx/cf/code/BytecodeArray$Visitor;)I @ 999
Event: 4.094 Thread 0x0000000016a1f800 Uncommon trap: reason=class_check action=maybe_recompile pc=0x000000000389c79c method=java.util.HashMap.putVal(ILjava/lang/Object;Ljava/lang/Object;ZZ)Ljava/lang/Object; @ 203
Event: 4.329 Thread 0x0000000016a26000 Uncommon trap: reason=unstable_if action=reinterpret pc=0x000000000389907c method=com.android.dx.util.IntList.binarysearch(I)I @ 105

Internal exceptions (3 events):
Event: 0.481 Thread 0x0000000001260800 Exception <a 'java/lang/NoSuchMethodError': Method sun.misc.Unsafe.defineClass(Ljava/lang/String;[BII)Ljava/lang/Class; name or signature does not match> (0x00000000eab0d378) thrown at [C:\re\workspace\8-2-build-windows-amd64-cygwin\jdk8u45\3627\hotspot\sr|N«]ÝÈÞ?
Event: 0.481 Thread 0x0000000001260800 Exception <a 'java/lang/NoSuchMethodError': Method sun.misc.Unsafe.prefetchRead(Ljava/lang/Object;J)V name or signature does not match> (0x00000000eab0d608) thrown at [C:\re\workspace\8-2-build-windows-amd64-cygwin\jdk8u45\3627\hotspot\src\share\vm\prims\j},S $	@
Event: 3.143 Thread 0x0000000016a1f800 Implicit null exception at 0x00000000037074a2 to 0x0000000003707592

Events (10 events):
Event: 4.094 Thread 0x0000000016a1f800 Uncommon trap: trap_request=0xffffffde fr.pc=0x000000000389c79c
Event: 4.094 Thread 0x0000000016a1f800 DEOPT PACKING pc=0x000000000389c79c sp=0x000000001720ead0
Event: 4.094 Thread 0x0000000016a1f800 DEOPT UNPACKING pc=0x000000000344582a sp=0x000000001720ea58 mode 2
Event: 4.329 Thread 0x0000000016a26000 Uncommon trap: trap_request=0xffffff65 fr.pc=0x000000000389907c
Event: 4.329 Thread 0x0000000016a26000 DEOPT PACKING pc=0x000000000389907c sp=0x000000001700eba0
Event: 4.329 Thread 0x0000000016a26000 DEOPT UNPACKING pc=0x000000000344582a sp=0x000000001700eb18 mode 2
Event: 4.499 Executing VM operation: ParallelGCFailedAllocation
Event: 4.538 Executing VM operation: ParallelGCFailedAllocation done
Event: 4.664 Executing VM operation: EnableBiasedLocking
Event: 4.664 Executing VM operation: EnableBiasedLocking done


Dynamic libraries:
0x00007ff756450000 - 0x00007ff756487000 	C:\Program Files\Java\jdk1.8.0_45\bin\java.exe
0x00007ffc86070000 - 0x00007ffc86231000 	C:\WINDOWS\SYSTEM32\ntdll.dll
0x00007ffc85640000 - 0x00007ffc856ed000 	C:\WINDOWS\system32\KERNEL32.DLL
0x00007ffc83560000 - 0x00007ffc8373d000 	C:\WINDOWS\system32\KERNELBASE.dll
0x00007ffc85760000 - 0x00007ffc85806000 	C:\WINDOWS\system32\ADVAPI32.dll
0x00007ffc85290000 - 0x00007ffc8532d000 	C:\WINDOWS\system32\msvcrt.dll
0x00007ffc85a90000 - 0x00007ffc85aeb000 	C:\WINDOWS\system32\sechost.dll
0x00007ffc85af0000 - 0x00007ffc85c16000 	C:\WINDOWS\system32\RPCRT4.dll
0x00007ffc85490000 - 0x00007ffc855de000 	C:\WINDOWS\system32\USER32.dll
0x00007ffc85ee0000 - 0x00007ffc86066000 	C:\WINDOWS\system32\GDI32.dll
0x00007ffc77750000 - 0x00007ffc779c4000 	C:\WINDOWS\WinSxS\amd64_microsoft.windows.common-controls_6595b64144ccf1df_6.0.10240.16384_none_f41f7b285750ef43\COMCTL32.dll
0x00007ffc858a0000 - 0x00007ffc858d6000 	C:\WINDOWS\system32\IMM32.DLL
0x00007ffc85330000 - 0x00007ffc8548c000 	C:\WINDOWS\system32\MSCTF.dll
0x0000000071b00000 - 0x0000000071bd2000 	C:\Program Files\Java\jdk1.8.0_45\jre\bin\msvcr100.dll
0x00000000708c0000 - 0x0000000071143000 	C:\Program Files\Java\jdk1.8.0_45\jre\bin\server\jvm.dll
0x00007ffc83a90000 - 0x00007ffc83a98000 	C:\WINDOWS\system32\PSAPI.DLL
0x00007ffc81120000 - 0x00007ffc81143000 	C:\WINDOWS\SYSTEM32\WINMM.dll
0x00007ffc7f680000 - 0x00007ffc7f689000 	C:\WINDOWS\SYSTEM32\WSOCK32.dll
0x00007ffc767a0000 - 0x00007ffc767aa000 	C:\WINDOWS\SYSTEM32\VERSION.dll
0x00007ffc85830000 - 0x00007ffc85899000 	C:\WINDOWS\system32\WS2_32.dll
0x00007ffc85df0000 - 0x00007ffc85df8000 	C:\WINDOWS\system32\NSI.dll
0x00007ffc810c0000 - 0x00007ffc810ec000 	C:\WINDOWS\SYSTEM32\WINMMBASE.dll
0x00007ffc82dc0000 - 0x00007ffc82e04000 	C:\WINDOWS\system32\cfgmgr32.dll
0x00007ffc81370000 - 0x00007ffc81397000 	C:\WINDOWS\SYSTEM32\DEVOBJ.dll
0x0000000071af0000 - 0x0000000071aff000 	C:\Program Files\Java\jdk1.8.0_45\jre\bin\verify.dll
0x0000000071ac0000 - 0x0000000071ae9000 	C:\Program Files\Java\jdk1.8.0_45\jre\bin\java.dll
0x0000000071aa0000 - 0x0000000071ab6000 	C:\Program Files\Java\jdk1.8.0_45\jre\bin\zip.dll
0x00007ffc83d00000 - 0x00007ffc85222000 	C:\WINDOWS\system32\SHELL32.dll
0x00007ffc82ed0000 - 0x00007ffc834f8000 	C:\WINDOWS\system32\windows.storage.dll
0x00007ffc83800000 - 0x00007ffc83a7c000 	C:\WINDOWS\system32\combase.dll
0x00007ffc83ca0000 - 0x00007ffc83cf1000 	C:\WINDOWS\system32\shlwapi.dll
0x00007ffc82b30000 - 0x00007ffc82b3f000 	C:\WINDOWS\system32\kernel.appcore.dll
0x00007ffc82e10000 - 0x00007ffc82ec3000 	C:\WINDOWS\system32\shcore.dll
0x00007ffc82ac0000 - 0x00007ffc82b0a000 	C:\WINDOWS\system32\powrprof.dll
0x00007ffc82aa0000 - 0x00007ffc82ab3000 	C:\WINDOWS\system32\profapi.dll
0x00007ffc723a0000 - 0x00007ffc7252a000 	C:\WINDOWS\SYSTEM32\dbghelp.dll

VM Arguments:
jvm_args: -Xmx1024M -Dfile.encoding=windows-1252 -Duser.country=ES -Duser.language=es -Duser.variant 
java_command: com.android.dx.command.Main --dex --num-threads=4 --output F:\AndroidStudioProjects\Fragment-master\app\build\intermediates\pre-dexed\debug\classes-e1e1c6fafd04b4ddc1899ee030407cbea98eec5f.jar F:\AndroidStudioProjects\Fragment-master\app\build\intermediates\exploded-aar\com.android.support\appcompat-v7\23.1.1\jars\classes.jar
java_class_path (initial): C:\Users\Sergio\AppData\Local\Android\Sdk\build-tools\23.0.1\lib\dx.jar
Launcher Type: SUN_STANDARD

Environment Variables:
CLASSPATH=.;C:\Program Files (x86)\QuickTime\QTSystem\QTJava.zip
PATH=C:\ProgramData\Oracle\Java\javapath;C:\Program Files (x86)\Intel\TXE Components\TCS\;C:\Program Files\Intel\TXE Components\TCS\;C:\WINDOWS\system32;C:\WINDOWS;C:\WINDOWS\System32\Wbem;C:\WINDOWS\System32\WindowsPowerShell\v1.0\;C:\Program Files (x86)\Windows Live\Shared;C:\Program Files\Intel\TXE Components\DAL\;C:\Program Files (x86)\Intel\TXE Components\DAL\;C:\Program Files\Intel\TXE Components\IPT\;C:\Program Files (x86)\Intel\TXE Components\IPT\;C:\Program Files\Intel\WiFi\bin\;C:\Program Files\Common Files\Intel\WirelessCommon\;C:\Program Files (x86)\QuickTime\QTSystem\;C:\Program Files (x86)\Skype\Phone\
USERNAME=Sergio
OS=Windows_NT
PROCESSOR_IDENTIFIER=Intel64 Family 6 Model 55 Stepping 8, GenuineIntel



---------------  S Y S T E M  ---------------

OS: Windows 10.0 , 64 bit Build 10240 (10.0.10240.16384)

CPU:total 4 (4 cores per cpu, 1 threads per core) family 6 model 55 stepping 8, cmov, cx8, fxsr, mmx, sse, sse2, sse3, ssse3, sse4.1, sse4.2, popcnt, clmul, erms, 3dnowpref, tsc, tscinvbit

Memory: 4k page, physical 4081120k(186584k free), swap 7222596k(61292k free)

vm_info: Java HotSpot(TM) 64-Bit Server VM (25.45-b02) for windows-amd64 JRE (1.8.0_45-b15), built on Apr 30 2015 12:40:44 by "java_re" with MS VC++ 10.0 (VS2010)

time: Thu Nov 26 11:59:59 2015
elapsed time: 5 seconds (0d 0h 0m 5s)

